{"/home/zerpa/garden-backend/app.ts": {"path":"/home/zerpa/garden-backend/app.ts","statementMap":{"0":{"start":{"line":5,"column":6},"end":{"line":5,"column":null}},"1":{"start":{"line":7,"column":0},"end":{"line":7,"column":null}},"2":{"start":{"line":10,"column":0},"end":{"line":10,"column":null}},"3":{"start":{"line":13,"column":0},"end":{"line":13,"column":null}}},"fnMap":{},"branchMap":{},"s":{"0":1,"1":1,"2":1,"3":1},"f":{},"b":{},"meta":{"lastBranch":0,"lastFunction":0,"lastStatement":4,"seen":{"s:5:6:5:Infinity":0,"s:7:0:7:Infinity":1,"s:10:0:10:Infinity":2,"s:13:0:13:Infinity":3}}}
,"/home/zerpa/garden-backend/controllers/Auth.controller.ts": {"path":"/home/zerpa/garden-backend/controllers/Auth.controller.ts","statementMap":{"0":{"start":{"line":4,"column":26},"end":{"line":18,"column":null}},"1":{"start":{"line":10,"column":2},"end":{"line":17,"column":null}},"2":{"start":{"line":20,"column":31},"end":{"line":24,"column":null}},"3":{"start":{"line":21,"column":2},"end":{"line":23,"column":null}}},"fnMap":{"0":{"name":"(anonymous_0)","decl":{"start":{"line":4,"column":26},"end":{"line":4,"column":33}},"loc":{"start":{"line":9,"column":21},"end":{"line":18,"column":null}},"line":9},"1":{"name":"(anonymous_1)","decl":{"start":{"line":20,"column":31},"end":{"line":20,"column":38}},"loc":{"start":{"line":20,"column":78},"end":{"line":24,"column":null}},"line":20}},"branchMap":{},"s":{"0":1,"1":0,"2":1,"3":48},"f":{"0":0,"1":48},"b":{},"meta":{"lastBranch":0,"lastFunction":2,"lastStatement":4,"seen":{"s:4:26:18:Infinity":0,"f:4:26:4:33":0,"s:10:2:17:Infinity":1,"s:20:31:24:Infinity":2,"f:20:31:20:38":1,"s:21:2:23:Infinity":3}}}
,"/home/zerpa/garden-backend/controllers/Company.controller.ts": {"path":"/home/zerpa/garden-backend/controllers/Company.controller.ts","statementMap":{"0":{"start":{"line":5,"column":31},"end":{"line":39,"column":null}},"1":{"start":{"line":11,"column":2},"end":{"line":38,"column":null}},"2":{"start":{"line":13,"column":20},"end":{"line":15,"column":null}},"3":{"start":{"line":18,"column":20},"end":{"line":24,"column":null}},"4":{"start":{"line":27,"column":17},"end":{"line":35,"column":null}},"5":{"start":{"line":37,"column":4},"end":{"line":37,"column":null}},"6":{"start":{"line":41,"column":31},"end":{"line":71,"column":null}},"7":{"start":{"line":44,"column":20},"end":{"line":44,"column":null}},"8":{"start":{"line":45,"column":8},"end":{"line":45,"column":null}},"9":{"start":{"line":49,"column":8},"end":{"line":49,"column":null}},"10":{"start":{"line":52,"column":2},"end":{"line":63,"column":null}},"11":{"start":{"line":67,"column":2},"end":{"line":70,"column":null}},"12":{"start":{"line":73,"column":29},"end":{"line":79,"column":null}},"13":{"start":{"line":74,"column":2},"end":{"line":78,"column":null}},"14":{"start":{"line":81,"column":28},"end":{"line":90,"column":null}},"15":{"start":{"line":83,"column":12},"end":{"line":85,"column":null}},"16":{"start":{"line":87,"column":2},"end":{"line":89,"column":null}}},"fnMap":{"0":{"name":"(anonymous_0)","decl":{"start":{"line":5,"column":31},"end":{"line":5,"column":null}},"loc":{"start":{"line":10,"column":48},"end":{"line":39,"column":null}},"line":10},"1":{"name":"(anonymous_1)","decl":{"start":{"line":11,"column":35},"end":{"line":11,"column":42}},"loc":{"start":{"line":11,"column":49},"end":{"line":38,"column":3}},"line":11},"2":{"name":"(anonymous_2)","decl":{"start":{"line":41,"column":31},"end":{"line":41,"column":38}},"loc":{"start":{"line":41,"column":60},"end":{"line":71,"column":null}},"line":41},"3":{"name":"(anonymous_3)","decl":{"start":{"line":73,"column":29},"end":{"line":73,"column":36}},"loc":{"start":{"line":73,"column":73},"end":{"line":79,"column":null}},"line":73},"4":{"name":"(anonymous_4)","decl":{"start":{"line":81,"column":28},"end":{"line":81,"column":35}},"loc":{"start":{"line":81,"column":57},"end":{"line":90,"column":null}},"line":81}},"branchMap":{},"s":{"0":1,"1":24,"2":24,"3":24,"4":24,"5":24,"6":1,"7":0,"8":0,"9":0,"10":0,"11":0,"12":1,"13":0,"14":1,"15":0,"16":0},"f":{"0":24,"1":24,"2":0,"3":0,"4":0},"b":{},"meta":{"lastBranch":0,"lastFunction":5,"lastStatement":17,"seen":{"s:5:31:39:Infinity":0,"f:5:31:5:Infinity":0,"s:11:2:38:Infinity":1,"f:11:35:11:42":1,"s:13:20:15:Infinity":2,"s:18:20:24:Infinity":3,"s:27:17:35:Infinity":4,"s:37:4:37:Infinity":5,"s:41:31:71:Infinity":6,"f:41:31:41:38":2,"s:44:20:44:Infinity":7,"s:45:8:45:Infinity":8,"s:49:8:49:Infinity":9,"s:52:2:63:Infinity":10,"s:67:2:70:Infinity":11,"s:73:29:79:Infinity":12,"f:73:29:73:36":3,"s:74:2:78:Infinity":13,"s:81:28:90:Infinity":14,"f:81:28:81:35":4,"s:83:12:85:Infinity":15,"s:87:2:89:Infinity":16}}}
,"/home/zerpa/garden-backend/controllers/DataVis.controller.ts": {"path":"/home/zerpa/garden-backend/controllers/DataVis.controller.ts","statementMap":{"0":{"start":{"line":4,"column":31},"end":{"line":22,"column":null}},"1":{"start":{"line":5,"column":19},"end":{"line":9,"column":null}},"2":{"start":{"line":11,"column":2},"end":{"line":11,"column":null}},"3":{"start":{"line":11,"column":17},"end":{"line":11,"column":null}},"4":{"start":{"line":13,"column":23},"end":{"line":13,"column":null}},"5":{"start":{"line":14,"column":8},"end":{"line":14,"column":null}},"6":{"start":{"line":17,"column":2},"end":{"line":19,"column":null}},"7":{"start":{"line":18,"column":4},"end":{"line":18,"column":null}},"8":{"start":{"line":21,"column":2},"end":{"line":21,"column":null}},"9":{"start":{"line":25,"column":34},"end":{"line":92,"column":null}},"10":{"start":{"line":32,"column":22},"end":{"line":32,"column":null}},"11":{"start":{"line":35,"column":22},"end":{"line":50,"column":null}},"12":{"start":{"line":53,"column":22},"end":{"line":63,"column":null}},"13":{"start":{"line":66,"column":24},"end":{"line":67,"column":null}},"14":{"start":{"line":67,"column":4},"end":{"line":67,"column":null}},"15":{"start":{"line":67,"column":28},"end":{"line":67,"column":43}},"16":{"start":{"line":69,"column":21},"end":{"line":69,"column":null}},"17":{"start":{"line":70,"column":21},"end":{"line":70,"column":null}},"18":{"start":{"line":71,"column":21},"end":{"line":71,"column":null}},"19":{"start":{"line":73,"column":21},"end":{"line":73,"column":null}},"20":{"start":{"line":74,"column":24},"end":{"line":74,"column":null}},"21":{"start":{"line":75,"column":26},"end":{"line":75,"column":null}},"22":{"start":{"line":79,"column":25},"end":{"line":81,"column":null}},"23":{"start":{"line":83,"column":2},"end":{"line":91,"column":null}},"24":{"start":{"line":94,"column":32},"end":{"line":161,"column":null}},"25":{"start":{"line":102,"column":22},"end":{"line":104,"column":null}},"26":{"start":{"line":107,"column":26},"end":{"line":109,"column":null}},"27":{"start":{"line":112,"column":28},"end":{"line":121,"column":null}},"28":{"start":{"line":127,"column":28},"end":{"line":137,"column":null}},"29":{"start":{"line":143,"column":2},"end":{"line":160,"column":null}},"30":{"start":{"line":146,"column":20},"end":{"line":146,"column":null}},"31":{"start":{"line":147,"column":22},"end":{"line":147,"column":null}},"32":{"start":{"line":149,"column":21},"end":{"line":152,"column":null}},"33":{"start":{"line":150,"column":23},"end":{"line":150,"column":null}},"34":{"start":{"line":151,"column":6},"end":{"line":151,"column":null}},"35":{"start":{"line":154,"column":4},"end":{"line":159,"column":null}},"36":{"start":{"line":165,"column":35},"end":{"line":263,"column":null}},"37":{"start":{"line":173,"column":20},"end":{"line":173,"column":null}},"38":{"start":{"line":174,"column":18},"end":{"line":174,"column":null}},"39":{"start":{"line":178,"column":40},"end":{"line":178,"column":null}},"40":{"start":{"line":179,"column":2},"end":{"line":179,"column":null}},"41":{"start":{"line":179,"column":24},"end":{"line":179,"column":null}},"42":{"start":{"line":180,"column":2},"end":{"line":180,"column":null}},"43":{"start":{"line":180,"column":24},"end":{"line":180,"column":null}},"44":{"start":{"line":181,"column":2},"end":{"line":181,"column":null}},"45":{"start":{"line":181,"column":24},"end":{"line":181,"column":null}},"46":{"start":{"line":184,"column":17},"end":{"line":192,"column":null}},"47":{"start":{"line":194,"column":2},"end":{"line":194,"column":null}},"48":{"start":{"line":194,"column":15},"end":{"line":194,"column":null}},"49":{"start":{"line":197,"column":34},"end":{"line":197,"column":null}},"50":{"start":{"line":198,"column":2},"end":{"line":198,"column":null}},"51":{"start":{"line":198,"column":23},"end":{"line":198,"column":null}},"52":{"start":{"line":199,"column":2},"end":{"line":199,"column":null}},"53":{"start":{"line":199,"column":23},"end":{"line":199,"column":null}},"54":{"start":{"line":200,"column":2},"end":{"line":200,"column":null}},"55":{"start":{"line":200,"column":23},"end":{"line":200,"column":null}},"56":{"start":{"line":201,"column":2},"end":{"line":201,"column":null}},"57":{"start":{"line":201,"column":23},"end":{"line":201,"column":null}},"58":{"start":{"line":202,"column":2},"end":{"line":202,"column":null}},"59":{"start":{"line":202,"column":23},"end":{"line":202,"column":null}},"60":{"start":{"line":203,"column":2},"end":{"line":203,"column":null}},"61":{"start":{"line":203,"column":23},"end":{"line":203,"column":null}},"62":{"start":{"line":204,"column":2},"end":{"line":204,"column":null}},"63":{"start":{"line":204,"column":23},"end":{"line":204,"column":null}},"64":{"start":{"line":206,"column":16},"end":{"line":218,"column":null}},"65":{"start":{"line":220,"column":19},"end":{"line":228,"column":null}},"66":{"start":{"line":220,"column":47},"end":{"line":228,"column":4}},"67":{"start":{"line":230,"column":2},"end":{"line":230,"column":null}},"68":{"start":{"line":230,"column":54},"end":{"line":230,"column":null}},"69":{"start":{"line":233,"column":2},"end":{"line":251,"column":null}},"70":{"start":{"line":235,"column":24},"end":{"line":235,"column":null}},"71":{"start":{"line":238,"column":24},"end":{"line":241,"column":null}},"72":{"start":{"line":239,"column":6},"end":{"line":240,"column":null}},"73":{"start":{"line":243,"column":4},"end":{"line":250,"column":null}},"74":{"start":{"line":244,"column":6},"end":{"line":244,"column":null}},"75":{"start":{"line":246,"column":6},"end":{"line":249,"column":null}},"76":{"start":{"line":247,"column":8},"end":{"line":247,"column":null}},"77":{"start":{"line":247,"column":43},"end":{"line":247,"column":null}},"78":{"start":{"line":248,"column":8},"end":{"line":248,"column":null}},"79":{"start":{"line":248,"column":43},"end":{"line":248,"column":null}},"80":{"start":{"line":254,"column":2},"end":{"line":262,"column":null}},"81":{"start":{"line":255,"column":15},"end":{"line":262,"column":6}},"82":{"start":{"line":266,"column":39},"end":{"line":308,"column":null}},"83":{"start":{"line":273,"column":22},"end":{"line":275,"column":null}},"84":{"start":{"line":278,"column":30},"end":{"line":299,"column":null}},"85":{"start":{"line":304,"column":2},"end":{"line":307,"column":null}},"86":{"start":{"line":304,"column":34},"end":{"line":307,"column":4}},"87":{"start":{"line":313,"column":38},"end":{"line":390,"column":null}},"88":{"start":{"line":319,"column":20},"end":{"line":319,"column":null}},"89":{"start":{"line":320,"column":18},"end":{"line":320,"column":null}},"90":{"start":{"line":323,"column":22},"end":{"line":325,"column":null}},"91":{"start":{"line":328,"column":27},"end":{"line":337,"column":null}},"92":{"start":{"line":344,"column":18},"end":{"line":346,"column":null}},"93":{"start":{"line":345,"column":23},"end":{"line":345,"column":86}},"94":{"start":{"line":349,"column":21},"end":{"line":349,"column":null}},"95":{"start":{"line":350,"column":19},"end":{"line":350,"column":null}},"96":{"start":{"line":351,"column":19},"end":{"line":351,"column":null}},"97":{"start":{"line":353,"column":23},"end":{"line":369,"column":null}},"98":{"start":{"line":355,"column":2},"end":{"line":355,"column":null}},"99":{"start":{"line":355,"column":17},"end":{"line":355,"column":null}},"100":{"start":{"line":359,"column":2},"end":{"line":359,"column":null}},"101":{"start":{"line":359,"column":19},"end":{"line":359,"column":null}},"102":{"start":{"line":361,"column":16},"end":{"line":361,"column":null}},"103":{"start":{"line":365,"column":16},"end":{"line":365,"column":null}},"104":{"start":{"line":368,"column":2},"end":{"line":368,"column":null}},"105":{"start":{"line":372,"column":23},"end":{"line":372,"column":null}},"106":{"start":{"line":373,"column":22},"end":{"line":373,"column":null}},"107":{"start":{"line":375,"column":2},"end":{"line":387,"column":null}},"108":{"start":{"line":376,"column":20},"end":{"line":376,"column":null}},"109":{"start":{"line":377,"column":18},"end":{"line":377,"column":null}},"110":{"start":{"line":379,"column":4},"end":{"line":383,"column":null}},"111":{"start":{"line":386,"column":4},"end":{"line":386,"column":null}},"112":{"start":{"line":389,"column":2},"end":{"line":389,"column":null}},"113":{"start":{"line":392,"column":44},"end":{"line":450,"column":null}},"114":{"start":{"line":399,"column":21},"end":{"line":399,"column":null}},"115":{"start":{"line":400,"column":19},"end":{"line":400,"column":null}},"116":{"start":{"line":403,"column":22},"end":{"line":405,"column":null}},"117":{"start":{"line":408,"column":56},"end":{"line":418,"column":null}},"118":{"start":{"line":424,"column":18},"end":{"line":424,"column":null}},"119":{"start":{"line":424,"column":46},"end":{"line":424,"column":79}},"120":{"start":{"line":426,"column":21},"end":{"line":426,"column":null}},"121":{"start":{"line":427,"column":19},"end":{"line":427,"column":null}},"122":{"start":{"line":429,"column":25},"end":{"line":437,"column":null}},"123":{"start":{"line":430,"column":4},"end":{"line":430,"column":null}},"124":{"start":{"line":430,"column":19},"end":{"line":430,"column":null}},"125":{"start":{"line":432,"column":4},"end":{"line":432,"column":null}},"126":{"start":{"line":432,"column":34},"end":{"line":432,"column":null}},"127":{"start":{"line":434,"column":18},"end":{"line":434,"column":null}},"128":{"start":{"line":436,"column":4},"end":{"line":436,"column":null}},"129":{"start":{"line":440,"column":2},"end":{"line":449,"column":null}},"130":{"start":{"line":441,"column":18},"end":{"line":441,"column":null}},"131":{"start":{"line":443,"column":4},"end":{"line":448,"column":null}},"132":{"start":{"line":453,"column":35},"end":{"line":493,"column":null}},"133":{"start":{"line":461,"column":22},"end":{"line":478,"column":null}},"134":{"start":{"line":481,"column":19},"end":{"line":483,"column":null}},"135":{"start":{"line":482,"column":4},"end":{"line":482,"column":null}},"136":{"start":{"line":482,"column":33},"end":{"line":482,"column":48}},"137":{"start":{"line":487,"column":2},"end":{"line":492,"column":null}},"138":{"start":{"line":497,"column":37},"end":{"line":583,"column":null}},"139":{"start":{"line":505,"column":15},"end":{"line":507,"column":null}},"140":{"start":{"line":509,"column":2},"end":{"line":509,"column":null}},"141":{"start":{"line":509,"column":13},"end":{"line":509,"column":null}},"142":{"start":{"line":511,"column":34},"end":{"line":519,"column":null}},"143":{"start":{"line":521,"column":21},"end":{"line":521,"column":null}},"144":{"start":{"line":521,"column":53},"end":{"line":521,"column":72}},"145":{"start":{"line":524,"column":22},"end":{"line":526,"column":null}},"146":{"start":{"line":529,"column":20},"end":{"line":531,"column":null}},"147":{"start":{"line":534,"column":28},"end":{"line":550,"column":null}},"148":{"start":{"line":556,"column":2},"end":{"line":582,"column":null}},"149":{"start":{"line":557,"column":29},"end":{"line":557,"column":null}},"150":{"start":{"line":559,"column":21},"end":{"line":565,"column":null}},"151":{"start":{"line":561,"column":6},"end":{"line":564,"column":null}},"152":{"start":{"line":562,"column":19},"end":{"line":562,"column":null}},"153":{"start":{"line":563,"column":8},"end":{"line":563,"column":null}},"154":{"start":{"line":567,"column":4},"end":{"line":567,"column":null}},"155":{"start":{"line":568,"column":4},"end":{"line":568,"column":null}},"156":{"start":{"line":569,"column":4},"end":{"line":569,"column":null}},"157":{"start":{"line":570,"column":4},"end":{"line":570,"column":null}},"158":{"start":{"line":571,"column":4},"end":{"line":571,"column":null}},"159":{"start":{"line":573,"column":23},"end":{"line":575,"column":null}},"160":{"start":{"line":574,"column":43},"end":{"line":574,"column":50}},"161":{"start":{"line":577,"column":4},"end":{"line":581,"column":null}},"162":{"start":{"line":585,"column":31},"end":{"line":658,"column":null}},"163":{"start":{"line":597,"column":59},"end":{"line":597,"column":null}},"164":{"start":{"line":598,"column":8},"end":{"line":598,"column":null}},"165":{"start":{"line":601,"column":20},"end":{"line":601,"column":null}},"166":{"start":{"line":602,"column":18},"end":{"line":602,"column":null}},"167":{"start":{"line":605,"column":22},"end":{"line":607,"column":null}},"168":{"start":{"line":615,"column":28},"end":{"line":646,"column":null}},"169":{"start":{"line":649,"column":2},"end":{"line":657,"column":null}},"170":{"start":{"line":649,"column":34},"end":{"line":657,"column":4}},"171":{"start":{"line":663,"column":37},"end":{"line":714,"column":null}},"172":{"start":{"line":674,"column":23},"end":{"line":674,"column":null}},"173":{"start":{"line":675,"column":24},"end":{"line":675,"column":null}},"174":{"start":{"line":676,"column":20},"end":{"line":676,"column":null}},"175":{"start":{"line":679,"column":23},"end":{"line":679,"column":null}},"176":{"start":{"line":679,"column":50},"end":{"line":679,"column":81}},"177":{"start":{"line":681,"column":2},"end":{"line":699,"column":null}},"178":{"start":{"line":683,"column":4},"end":{"line":692,"column":null}},"179":{"start":{"line":684,"column":6},"end":{"line":691,"column":null}},"180":{"start":{"line":695,"column":4},"end":{"line":695,"column":null}},"181":{"start":{"line":698,"column":4},"end":{"line":698,"column":null}},"182":{"start":{"line":702,"column":2},"end":{"line":711,"column":null}},"183":{"start":{"line":703,"column":4},"end":{"line":710,"column":null}},"184":{"start":{"line":713,"column":2},"end":{"line":713,"column":null}}},"fnMap":{"0":{"name":"(anonymous_0)","decl":{"start":{"line":4,"column":31},"end":{"line":4,"column":38}},"loc":{"start":{"line":4,"column":60},"end":{"line":22,"column":null}},"line":4},"1":{"name":"(anonymous_1)","decl":{"start":{"line":25,"column":34},"end":{"line":25,"column":null}},"loc":{"start":{"line":30,"column":5},"end":{"line":92,"column":null}},"line":30},"2":{"name":"(anonymous_2)","decl":{"start":{"line":66,"column":24},"end":{"line":66,"column":25}},"loc":{"start":{"line":67,"column":4},"end":{"line":67,"column":null}},"line":67},"3":{"name":"(anonymous_3)","decl":{"start":{"line":67,"column":21},"end":{"line":67,"column":22}},"loc":{"start":{"line":67,"column":28},"end":{"line":67,"column":43}},"line":67},"4":{"name":"(anonymous_4)","decl":{"start":{"line":94,"column":32},"end":{"line":94,"column":null}},"loc":{"start":{"line":99,"column":5},"end":{"line":161,"column":null}},"line":99},"5":{"name":"(anonymous_5)","decl":{"start":{"line":143,"column":24},"end":{"line":143,"column":35}},"loc":{"start":{"line":143,"column":35},"end":{"line":160,"column":3}},"line":143},"6":{"name":"(anonymous_6)","decl":{"start":{"line":149,"column":37},"end":{"line":149,"column":42}},"loc":{"start":{"line":149,"column":42},"end":{"line":152,"column":5}},"line":149},"7":{"name":"(anonymous_7)","decl":{"start":{"line":165,"column":35},"end":{"line":165,"column":null}},"loc":{"start":{"line":171,"column":5},"end":{"line":263,"column":null}},"line":171},"8":{"name":"(anonymous_8)","decl":{"start":{"line":220,"column":37},"end":{"line":220,"column":47}},"loc":{"start":{"line":220,"column":47},"end":{"line":228,"column":4}},"line":220},"9":{"name":"(anonymous_9)","decl":{"start":{"line":233,"column":16},"end":{"line":233,"column":17}},"loc":{"start":{"line":233,"column":29},"end":{"line":251,"column":3}},"line":233},"10":{"name":"(anonymous_10)","decl":{"start":{"line":238,"column":40},"end":{"line":238,"column":null}},"loc":{"start":{"line":239,"column":6},"end":{"line":240,"column":null}},"line":239},"11":{"name":"(anonymous_11)","decl":{"start":{"line":246,"column":26},"end":{"line":246,"column":35}},"loc":{"start":{"line":246,"column":35},"end":{"line":249,"column":7}},"line":246},"12":{"name":"(anonymous_12)","decl":{"start":{"line":255,"column":9},"end":{"line":255,"column":15}},"loc":{"start":{"line":255,"column":15},"end":{"line":262,"column":6}},"line":255},"13":{"name":"(anonymous_13)","decl":{"start":{"line":266,"column":39},"end":{"line":266,"column":null}},"loc":{"start":{"line":271,"column":5},"end":{"line":308,"column":null}},"line":271},"14":{"name":"(anonymous_14)","decl":{"start":{"line":304,"column":26},"end":{"line":304,"column":34}},"loc":{"start":{"line":304,"column":34},"end":{"line":307,"column":4}},"line":304},"15":{"name":"(anonymous_15)","decl":{"start":{"line":313,"column":38},"end":{"line":313,"column":null}},"loc":{"start":{"line":317,"column":5},"end":{"line":390,"column":null}},"line":317},"16":{"name":"(anonymous_16)","decl":{"start":{"line":345,"column":18},"end":{"line":345,"column":23}},"loc":{"start":{"line":345,"column":23},"end":{"line":345,"column":86}},"line":345},"17":{"name":"(anonymous_17)","decl":{"start":{"line":353,"column":23},"end":{"line":353,"column":24}},"loc":{"start":{"line":353,"column":74},"end":{"line":369,"column":null}},"line":353},"18":{"name":"(anonymous_18)","decl":{"start":{"line":392,"column":44},"end":{"line":392,"column":null}},"loc":{"start":{"line":396,"column":5},"end":{"line":450,"column":null}},"line":396},"19":{"name":"(anonymous_19)","decl":{"start":{"line":424,"column":41},"end":{"line":424,"column":46}},"loc":{"start":{"line":424,"column":46},"end":{"line":424,"column":79}},"line":424},"20":{"name":"(anonymous_20)","decl":{"start":{"line":429,"column":25},"end":{"line":429,"column":26}},"loc":{"start":{"line":429,"column":63},"end":{"line":437,"column":null}},"line":429},"21":{"name":"(anonymous_21)","decl":{"start":{"line":440,"column":36},"end":{"line":440,"column":37}},"loc":{"start":{"line":440,"column":49},"end":{"line":449,"column":3}},"line":440},"22":{"name":"(anonymous_22)","decl":{"start":{"line":453,"column":35},"end":{"line":453,"column":null}},"loc":{"start":{"line":458,"column":5},"end":{"line":493,"column":null}},"line":458},"23":{"name":"(anonymous_23)","decl":{"start":{"line":481,"column":19},"end":{"line":481,"column":20}},"loc":{"start":{"line":481,"column":40},"end":{"line":483,"column":null}},"line":481},"24":{"name":"(anonymous_24)","decl":{"start":{"line":482,"column":28},"end":{"line":482,"column":33}},"loc":{"start":{"line":482,"column":33},"end":{"line":482,"column":48}},"line":482},"25":{"name":"(anonymous_25)","decl":{"start":{"line":497,"column":37},"end":{"line":497,"column":null}},"loc":{"start":{"line":503,"column":5},"end":{"line":583,"column":null}},"line":503},"26":{"name":"(anonymous_26)","decl":{"start":{"line":521,"column":39},"end":{"line":521,"column":40}},"loc":{"start":{"line":521,"column":53},"end":{"line":521,"column":72}},"line":521},"27":{"name":"(anonymous_27)","decl":{"start":{"line":556,"column":24},"end":{"line":556,"column":31}},"loc":{"start":{"line":556,"column":31},"end":{"line":582,"column":3}},"line":556},"28":{"name":"(anonymous_28)","decl":{"start":{"line":559,"column":21},"end":{"line":559,"column":22}},"loc":{"start":{"line":559,"column":65},"end":{"line":565,"column":null}},"line":559},"29":{"name":"(anonymous_29)","decl":{"start":{"line":574,"column":33},"end":{"line":574,"column":34}},"loc":{"start":{"line":574,"column":43},"end":{"line":574,"column":50}},"line":574},"30":{"name":"(anonymous_30)","decl":{"start":{"line":585,"column":31},"end":{"line":585,"column":null}},"loc":{"start":{"line":596,"column":5},"end":{"line":658,"column":null}},"line":596},"31":{"name":"(anonymous_31)","decl":{"start":{"line":649,"column":24},"end":{"line":649,"column":34}},"loc":{"start":{"line":649,"column":34},"end":{"line":657,"column":4}},"line":649},"32":{"name":"(anonymous_32)","decl":{"start":{"line":663,"column":37},"end":{"line":663,"column":null}},"loc":{"start":{"line":673,"column":9},"end":{"line":714,"column":null}},"line":673},"33":{"name":"(anonymous_33)","decl":{"start":{"line":679,"column":40},"end":{"line":679,"column":41}},"loc":{"start":{"line":679,"column":50},"end":{"line":679,"column":81}},"line":679}},"branchMap":{"0":{"loc":{"start":{"line":11,"column":2},"end":{"line":11,"column":null}},"type":"if","locations":[{"start":{"line":11,"column":2},"end":{"line":11,"column":null}},{"start":{},"end":{}}],"line":11},"1":{"loc":{"start":{"line":17,"column":2},"end":{"line":19,"column":null}},"type":"if","locations":[{"start":{"line":17,"column":2},"end":{"line":19,"column":null}},{"start":{},"end":{}}],"line":17},"2":{"loc":{"start":{"line":32,"column":22},"end":{"line":32,"column":null}},"type":"cond-expr","locations":[{"start":{"line":32,"column":51},"end":{"line":32,"column":76}},{"start":{"line":32,"column":76},"end":{"line":32,"column":null}}],"line":32},"3":{"loc":{"start":{"line":67,"column":4},"end":{"line":67,"column":null}},"type":"binary-expr","locations":[{"start":{"line":67,"column":4},"end":{"line":67,"column":59}},{"start":{"line":67,"column":59},"end":{"line":67,"column":null}}],"line":67},"4":{"loc":{"start":{"line":73,"column":21},"end":{"line":73,"column":null}},"type":"binary-expr","locations":[{"start":{"line":73,"column":21},"end":{"line":73,"column":46}},{"start":{"line":73,"column":46},"end":{"line":73,"column":null}}],"line":73},"5":{"loc":{"start":{"line":74,"column":24},"end":{"line":74,"column":null}},"type":"binary-expr","locations":[{"start":{"line":74,"column":24},"end":{"line":74,"column":60}},{"start":{"line":74,"column":60},"end":{"line":74,"column":null}}],"line":74},"6":{"loc":{"start":{"line":75,"column":37},"end":{"line":75,"column":74}},"type":"binary-expr","locations":[{"start":{"line":75,"column":37},"end":{"line":75,"column":73}},{"start":{"line":75,"column":73},"end":{"line":75,"column":74}}],"line":75},"7":{"loc":{"start":{"line":79,"column":25},"end":{"line":81,"column":null}},"type":"cond-expr","locations":[{"start":{"line":80,"column":6},"end":{"line":80,"column":null}},{"start":{"line":81,"column":6},"end":{"line":81,"column":null}}],"line":79},"8":{"loc":{"start":{"line":102,"column":22},"end":{"line":104,"column":null}},"type":"cond-expr","locations":[{"start":{"line":103,"column":6},"end":{"line":103,"column":null}},{"start":{"line":104,"column":6},"end":{"line":104,"column":null}}],"line":102},"9":{"loc":{"start":{"line":102,"column":22},"end":{"line":102,"column":null}},"type":"binary-expr","locations":[{"start":{"line":102,"column":22},"end":{"line":102,"column":40}},{"start":{"line":102,"column":40},"end":{"line":102,"column":null}}],"line":102},"10":{"loc":{"start":{"line":107,"column":26},"end":{"line":109,"column":null}},"type":"cond-expr","locations":[{"start":{"line":108,"column":6},"end":{"line":108,"column":null}},{"start":{"line":109,"column":6},"end":{"line":109,"column":null}}],"line":107},"11":{"loc":{"start":{"line":107,"column":26},"end":{"line":107,"column":null}},"type":"binary-expr","locations":[{"start":{"line":107,"column":26},"end":{"line":107,"column":44}},{"start":{"line":107,"column":44},"end":{"line":107,"column":null}}],"line":107},"12":{"loc":{"start":{"line":156,"column":16},"end":{"line":156,"column":null}},"type":"binary-expr","locations":[{"start":{"line":156,"column":16},"end":{"line":156,"column":44}},{"start":{"line":156,"column":44},"end":{"line":156,"column":null}}],"line":156},"13":{"loc":{"start":{"line":157,"column":13},"end":{"line":157,"column":null}},"type":"binary-expr","locations":[{"start":{"line":157,"column":13},"end":{"line":157,"column":38}},{"start":{"line":157,"column":38},"end":{"line":157,"column":null}}],"line":157},"14":{"loc":{"start":{"line":158,"column":13},"end":{"line":158,"column":null}},"type":"binary-expr","locations":[{"start":{"line":158,"column":13},"end":{"line":158,"column":40}},{"start":{"line":158,"column":40},"end":{"line":158,"column":null}}],"line":158},"15":{"loc":{"start":{"line":179,"column":2},"end":{"line":179,"column":null}},"type":"if","locations":[{"start":{"line":179,"column":2},"end":{"line":179,"column":null}},{"start":{},"end":{}}],"line":179},"16":{"loc":{"start":{"line":180,"column":2},"end":{"line":180,"column":null}},"type":"if","locations":[{"start":{"line":180,"column":2},"end":{"line":180,"column":null}},{"start":{},"end":{}}],"line":180},"17":{"loc":{"start":{"line":181,"column":2},"end":{"line":181,"column":null}},"type":"if","locations":[{"start":{"line":181,"column":2},"end":{"line":181,"column":null}},{"start":{},"end":{}}],"line":181},"18":{"loc":{"start":{"line":194,"column":2},"end":{"line":194,"column":null}},"type":"if","locations":[{"start":{"line":194,"column":2},"end":{"line":194,"column":null}},{"start":{},"end":{}}],"line":194},"19":{"loc":{"start":{"line":198,"column":2},"end":{"line":198,"column":null}},"type":"if","locations":[{"start":{"line":198,"column":2},"end":{"line":198,"column":null}},{"start":{},"end":{}}],"line":198},"20":{"loc":{"start":{"line":199,"column":2},"end":{"line":199,"column":null}},"type":"if","locations":[{"start":{"line":199,"column":2},"end":{"line":199,"column":null}},{"start":{},"end":{}}],"line":199},"21":{"loc":{"start":{"line":200,"column":2},"end":{"line":200,"column":null}},"type":"if","locations":[{"start":{"line":200,"column":2},"end":{"line":200,"column":null}},{"start":{},"end":{}}],"line":200},"22":{"loc":{"start":{"line":201,"column":2},"end":{"line":201,"column":null}},"type":"if","locations":[{"start":{"line":201,"column":2},"end":{"line":201,"column":null}},{"start":{},"end":{}}],"line":201},"23":{"loc":{"start":{"line":202,"column":2},"end":{"line":202,"column":null}},"type":"if","locations":[{"start":{"line":202,"column":2},"end":{"line":202,"column":null}},{"start":{},"end":{}}],"line":202},"24":{"loc":{"start":{"line":203,"column":2},"end":{"line":203,"column":null}},"type":"if","locations":[{"start":{"line":203,"column":2},"end":{"line":203,"column":null}},{"start":{},"end":{}}],"line":203},"25":{"loc":{"start":{"line":204,"column":2},"end":{"line":204,"column":null}},"type":"if","locations":[{"start":{"line":204,"column":2},"end":{"line":204,"column":null}},{"start":{},"end":{}}],"line":204},"26":{"loc":{"start":{"line":214,"column":12},"end":{"line":214,"column":null}},"type":"cond-expr","locations":[{"start":{"line":214,"column":41},"end":{"line":214,"column":58}},{"start":{"line":214,"column":58},"end":{"line":214,"column":null}}],"line":214},"27":{"loc":{"start":{"line":230,"column":2},"end":{"line":230,"column":null}},"type":"if","locations":[{"start":{"line":230,"column":2},"end":{"line":230,"column":null}},{"start":{},"end":{}}],"line":230},"28":{"loc":{"start":{"line":239,"column":6},"end":{"line":240,"column":null}},"type":"binary-expr","locations":[{"start":{"line":239,"column":6},"end":{"line":239,"column":null}},{"start":{"line":240,"column":6},"end":{"line":240,"column":null}}],"line":239},"29":{"loc":{"start":{"line":243,"column":4},"end":{"line":250,"column":null}},"type":"if","locations":[{"start":{"line":243,"column":4},"end":{"line":250,"column":null}},{"start":{},"end":{}}],"line":243},"30":{"loc":{"start":{"line":247,"column":8},"end":{"line":247,"column":null}},"type":"if","locations":[{"start":{"line":247,"column":8},"end":{"line":247,"column":null}},{"start":{},"end":{}}],"line":247},"31":{"loc":{"start":{"line":248,"column":8},"end":{"line":248,"column":null}},"type":"if","locations":[{"start":{"line":248,"column":8},"end":{"line":248,"column":null}},{"start":{},"end":{}}],"line":248},"32":{"loc":{"start":{"line":273,"column":22},"end":{"line":275,"column":null}},"type":"cond-expr","locations":[{"start":{"line":274,"column":6},"end":{"line":274,"column":null}},{"start":{"line":275,"column":6},"end":{"line":275,"column":null}}],"line":273},"33":{"loc":{"start":{"line":273,"column":22},"end":{"line":273,"column":null}},"type":"binary-expr","locations":[{"start":{"line":273,"column":22},"end":{"line":273,"column":40}},{"start":{"line":273,"column":40},"end":{"line":273,"column":null}}],"line":273},"34":{"loc":{"start":{"line":323,"column":22},"end":{"line":325,"column":null}},"type":"cond-expr","locations":[{"start":{"line":324,"column":6},"end":{"line":324,"column":null}},{"start":{"line":325,"column":6},"end":{"line":325,"column":null}}],"line":323},"35":{"loc":{"start":{"line":323,"column":22},"end":{"line":323,"column":null}},"type":"binary-expr","locations":[{"start":{"line":323,"column":22},"end":{"line":323,"column":40}},{"start":{"line":323,"column":40},"end":{"line":323,"column":null}}],"line":323},"36":{"loc":{"start":{"line":350,"column":19},"end":{"line":350,"column":null}},"type":"cond-expr","locations":[{"start":{"line":350,"column":43},"end":{"line":350,"column":69}},{"start":{"line":350,"column":69},"end":{"line":350,"column":null}}],"line":350},"37":{"loc":{"start":{"line":351,"column":19},"end":{"line":351,"column":null}},"type":"cond-expr","locations":[{"start":{"line":351,"column":43},"end":{"line":351,"column":69}},{"start":{"line":351,"column":69},"end":{"line":351,"column":null}}],"line":351},"38":{"loc":{"start":{"line":355,"column":2},"end":{"line":355,"column":null}},"type":"if","locations":[{"start":{"line":355,"column":2},"end":{"line":355,"column":null}},{"start":{},"end":{}}],"line":355},"39":{"loc":{"start":{"line":359,"column":2},"end":{"line":359,"column":null}},"type":"if","locations":[{"start":{"line":359,"column":2},"end":{"line":359,"column":null}},{"start":{},"end":{}}],"line":359},"40":{"loc":{"start":{"line":377,"column":18},"end":{"line":377,"column":null}},"type":"binary-expr","locations":[{"start":{"line":377,"column":18},"end":{"line":377,"column":42}},{"start":{"line":377,"column":42},"end":{"line":377,"column":null}}],"line":377},"41":{"loc":{"start":{"line":403,"column":22},"end":{"line":405,"column":null}},"type":"cond-expr","locations":[{"start":{"line":404,"column":6},"end":{"line":404,"column":null}},{"start":{"line":405,"column":6},"end":{"line":405,"column":null}}],"line":403},"42":{"loc":{"start":{"line":403,"column":22},"end":{"line":403,"column":null}},"type":"binary-expr","locations":[{"start":{"line":403,"column":22},"end":{"line":403,"column":40}},{"start":{"line":403,"column":40},"end":{"line":403,"column":null}}],"line":403},"43":{"loc":{"start":{"line":427,"column":19},"end":{"line":427,"column":null}},"type":"cond-expr","locations":[{"start":{"line":427,"column":43},"end":{"line":427,"column":69}},{"start":{"line":427,"column":69},"end":{"line":427,"column":null}}],"line":427},"44":{"loc":{"start":{"line":430,"column":4},"end":{"line":430,"column":null}},"type":"if","locations":[{"start":{"line":430,"column":4},"end":{"line":430,"column":null}},{"start":{},"end":{}}],"line":430},"45":{"loc":{"start":{"line":432,"column":4},"end":{"line":432,"column":null}},"type":"if","locations":[{"start":{"line":432,"column":4},"end":{"line":432,"column":null}},{"start":{},"end":{}}],"line":432},"46":{"loc":{"start":{"line":432,"column":8},"end":{"line":432,"column":34}},"type":"binary-expr","locations":[{"start":{"line":432,"column":8},"end":{"line":432,"column":21}},{"start":{"line":432,"column":21},"end":{"line":432,"column":34}}],"line":432},"47":{"loc":{"start":{"line":441,"column":18},"end":{"line":441,"column":null}},"type":"binary-expr","locations":[{"start":{"line":441,"column":18},"end":{"line":441,"column":39}},{"start":{"line":441,"column":39},"end":{"line":441,"column":null}}],"line":441},"48":{"loc":{"start":{"line":468,"column":12},"end":{"line":468,"column":null}},"type":"cond-expr","locations":[{"start":{"line":468,"column":41},"end":{"line":468,"column":58}},{"start":{"line":468,"column":58},"end":{"line":468,"column":null}}],"line":468},"49":{"loc":{"start":{"line":482,"column":11},"end":{"line":482,"column":null}},"type":"binary-expr","locations":[{"start":{"line":482,"column":11},"end":{"line":482,"column":64}},{"start":{"line":482,"column":64},"end":{"line":482,"column":null}}],"line":482},"50":{"loc":{"start":{"line":509,"column":2},"end":{"line":509,"column":null}},"type":"if","locations":[{"start":{"line":509,"column":2},"end":{"line":509,"column":null}},{"start":{},"end":{}}],"line":509},"51":{"loc":{"start":{"line":524,"column":22},"end":{"line":526,"column":null}},"type":"cond-expr","locations":[{"start":{"line":525,"column":6},"end":{"line":525,"column":null}},{"start":{"line":526,"column":6},"end":{"line":526,"column":null}}],"line":524},"52":{"loc":{"start":{"line":524,"column":22},"end":{"line":524,"column":null}},"type":"binary-expr","locations":[{"start":{"line":524,"column":22},"end":{"line":524,"column":40}},{"start":{"line":524,"column":40},"end":{"line":524,"column":null}}],"line":524},"53":{"loc":{"start":{"line":529,"column":20},"end":{"line":531,"column":null}},"type":"cond-expr","locations":[{"start":{"line":530,"column":6},"end":{"line":530,"column":null}},{"start":{"line":531,"column":6},"end":{"line":531,"column":null}}],"line":529},"54":{"loc":{"start":{"line":561,"column":6},"end":{"line":564,"column":null}},"type":"if","locations":[{"start":{"line":561,"column":6},"end":{"line":564,"column":null}},{"start":{},"end":{}}],"line":561},"55":{"loc":{"start":{"line":561,"column":10},"end":{"line":561,"column":32}},"type":"binary-expr","locations":[{"start":{"line":561,"column":10},"end":{"line":561,"column":20}},{"start":{"line":561,"column":20},"end":{"line":561,"column":32}}],"line":561},"56":{"loc":{"start":{"line":573,"column":23},"end":{"line":575,"column":null}},"type":"cond-expr","locations":[{"start":{"line":574,"column":8},"end":{"line":574,"column":null}},{"start":{"line":575,"column":8},"end":{"line":575,"column":null}}],"line":573},"57":{"loc":{"start":{"line":605,"column":22},"end":{"line":607,"column":null}},"type":"cond-expr","locations":[{"start":{"line":606,"column":6},"end":{"line":606,"column":null}},{"start":{"line":607,"column":6},"end":{"line":607,"column":null}}],"line":605},"58":{"loc":{"start":{"line":605,"column":22},"end":{"line":605,"column":null}},"type":"binary-expr","locations":[{"start":{"line":605,"column":22},"end":{"line":605,"column":34}},{"start":{"line":605,"column":34},"end":{"line":605,"column":null}}],"line":605},"59":{"loc":{"start":{"line":683,"column":4},"end":{"line":692,"column":null}},"type":"if","locations":[{"start":{"line":683,"column":4},"end":{"line":692,"column":null}},{"start":{},"end":{}}],"line":683},"60":{"loc":{"start":{"line":702,"column":2},"end":{"line":711,"column":null}},"type":"if","locations":[{"start":{"line":702,"column":2},"end":{"line":711,"column":null}},{"start":{},"end":{}}],"line":702}},"s":{"0":1,"1":0,"2":0,"3":0,"4":0,"5":0,"6":0,"7":0,"8":0,"9":1,"10":0,"11":0,"12":0,"13":0,"14":0,"15":0,"16":0,"17":0,"18":0,"19":0,"20":0,"21":0,"22":0,"23":0,"24":1,"25":0,"26":0,"27":0,"28":0,"29":0,"30":0,"31":0,"32":0,"33":0,"34":0,"35":0,"36":1,"37":0,"38":0,"39":0,"40":0,"41":0,"42":0,"43":0,"44":0,"45":0,"46":0,"47":0,"48":0,"49":0,"50":0,"51":0,"52":0,"53":0,"54":0,"55":0,"56":0,"57":0,"58":0,"59":0,"60":0,"61":0,"62":0,"63":0,"64":0,"65":0,"66":0,"67":0,"68":0,"69":0,"70":0,"71":0,"72":0,"73":0,"74":0,"75":0,"76":0,"77":0,"78":0,"79":0,"80":0,"81":0,"82":1,"83":0,"84":0,"85":0,"86":0,"87":1,"88":0,"89":0,"90":0,"91":0,"92":0,"93":0,"94":0,"95":0,"96":0,"97":0,"98":0,"99":0,"100":0,"101":0,"102":0,"103":0,"104":0,"105":0,"106":0,"107":0,"108":0,"109":0,"110":0,"111":0,"112":0,"113":1,"114":0,"115":0,"116":0,"117":0,"118":0,"119":0,"120":0,"121":0,"122":0,"123":0,"124":0,"125":0,"126":0,"127":0,"128":0,"129":0,"130":0,"131":0,"132":1,"133":0,"134":0,"135":0,"136":0,"137":0,"138":1,"139":0,"140":0,"141":0,"142":0,"143":0,"144":0,"145":0,"146":0,"147":0,"148":0,"149":0,"150":0,"151":0,"152":0,"153":0,"154":0,"155":0,"156":0,"157":0,"158":0,"159":0,"160":0,"161":0,"162":1,"163":0,"164":0,"165":0,"166":0,"167":0,"168":0,"169":0,"170":0,"171":1,"172":0,"173":0,"174":0,"175":0,"176":0,"177":0,"178":0,"179":0,"180":0,"181":0,"182":0,"183":0,"184":0},"f":{"0":0,"1":0,"2":0,"3":0,"4":0,"5":0,"6":0,"7":0,"8":0,"9":0,"10":0,"11":0,"12":0,"13":0,"14":0,"15":0,"16":0,"17":0,"18":0,"19":0,"20":0,"21":0,"22":0,"23":0,"24":0,"25":0,"26":0,"27":0,"28":0,"29":0,"30":0,"31":0,"32":0,"33":0},"b":{"0":[0,0],"1":[0,0],"2":[0,0],"3":[0,0],"4":[0,0],"5":[0,0],"6":[0,0],"7":[0,0],"8":[0,0],"9":[0,0],"10":[0,0],"11":[0,0],"12":[0,0],"13":[0,0],"14":[0,0],"15":[0,0],"16":[0,0],"17":[0,0],"18":[0,0],"19":[0,0],"20":[0,0],"21":[0,0],"22":[0,0],"23":[0,0],"24":[0,0],"25":[0,0],"26":[0,0],"27":[0,0],"28":[0,0],"29":[0,0],"30":[0,0],"31":[0,0],"32":[0,0],"33":[0,0],"34":[0,0],"35":[0,0],"36":[0,0],"37":[0,0],"38":[0,0],"39":[0,0],"40":[0,0],"41":[0,0],"42":[0,0],"43":[0,0],"44":[0,0],"45":[0,0],"46":[0,0],"47":[0,0],"48":[0,0],"49":[0,0],"50":[0,0],"51":[0,0],"52":[0,0],"53":[0,0],"54":[0,0],"55":[0,0],"56":[0,0],"57":[0,0],"58":[0,0],"59":[0,0],"60":[0,0]},"meta":{"lastBranch":61,"lastFunction":34,"lastStatement":185,"seen":{"s:4:31:22:Infinity":0,"f:4:31:4:38":0,"s:5:19:9:Infinity":1,"b:11:2:11:Infinity:undefined:undefined:undefined:undefined":0,"s:11:2:11:Infinity":2,"s:11:17:11:Infinity":3,"s:13:23:13:Infinity":4,"s:14:8:14:Infinity":5,"b:17:2:19:Infinity:undefined:undefined:undefined:undefined":1,"s:17:2:19:Infinity":6,"s:18:4:18:Infinity":7,"s:21:2:21:Infinity":8,"s:25:34:92:Infinity":9,"f:25:34:25:Infinity":1,"s:32:22:32:Infinity":10,"b:32:51:32:76:32:76:32:Infinity":2,"s:35:22:50:Infinity":11,"s:53:22:63:Infinity":12,"s:66:24:67:Infinity":13,"f:66:24:66:25":2,"s:67:4:67:Infinity":14,"b:67:4:67:59:67:59:67:Infinity":3,"f:67:21:67:22":3,"s:67:28:67:43":15,"s:69:21:69:Infinity":16,"s:70:21:70:Infinity":17,"s:71:21:71:Infinity":18,"s:73:21:73:Infinity":19,"b:73:21:73:46:73:46:73:Infinity":4,"s:74:24:74:Infinity":20,"b:74:24:74:60:74:60:74:Infinity":5,"s:75:26:75:Infinity":21,"b:75:37:75:73:75:73:75:74":6,"s:79:25:81:Infinity":22,"b:80:6:80:Infinity:81:6:81:Infinity":7,"s:83:2:91:Infinity":23,"s:94:32:161:Infinity":24,"f:94:32:94:Infinity":4,"s:102:22:104:Infinity":25,"b:103:6:103:Infinity:104:6:104:Infinity":8,"b:102:22:102:40:102:40:102:Infinity":9,"s:107:26:109:Infinity":26,"b:108:6:108:Infinity:109:6:109:Infinity":10,"b:107:26:107:44:107:44:107:Infinity":11,"s:112:28:121:Infinity":27,"s:127:28:137:Infinity":28,"s:143:2:160:Infinity":29,"f:143:24:143:35":5,"s:146:20:146:Infinity":30,"s:147:22:147:Infinity":31,"s:149:21:152:Infinity":32,"f:149:37:149:42":6,"s:150:23:150:Infinity":33,"s:151:6:151:Infinity":34,"s:154:4:159:Infinity":35,"b:156:16:156:44:156:44:156:Infinity":12,"b:157:13:157:38:157:38:157:Infinity":13,"b:158:13:158:40:158:40:158:Infinity":14,"s:165:35:263:Infinity":36,"f:165:35:165:Infinity":7,"s:173:20:173:Infinity":37,"s:174:18:174:Infinity":38,"s:178:40:178:Infinity":39,"b:179:2:179:Infinity:undefined:undefined:undefined:undefined":15,"s:179:2:179:Infinity":40,"s:179:24:179:Infinity":41,"b:180:2:180:Infinity:undefined:undefined:undefined:undefined":16,"s:180:2:180:Infinity":42,"s:180:24:180:Infinity":43,"b:181:2:181:Infinity:undefined:undefined:undefined:undefined":17,"s:181:2:181:Infinity":44,"s:181:24:181:Infinity":45,"s:184:17:192:Infinity":46,"b:194:2:194:Infinity:undefined:undefined:undefined:undefined":18,"s:194:2:194:Infinity":47,"s:194:15:194:Infinity":48,"s:197:34:197:Infinity":49,"b:198:2:198:Infinity:undefined:undefined:undefined:undefined":19,"s:198:2:198:Infinity":50,"s:198:23:198:Infinity":51,"b:199:2:199:Infinity:undefined:undefined:undefined:undefined":20,"s:199:2:199:Infinity":52,"s:199:23:199:Infinity":53,"b:200:2:200:Infinity:undefined:undefined:undefined:undefined":21,"s:200:2:200:Infinity":54,"s:200:23:200:Infinity":55,"b:201:2:201:Infinity:undefined:undefined:undefined:undefined":22,"s:201:2:201:Infinity":56,"s:201:23:201:Infinity":57,"b:202:2:202:Infinity:undefined:undefined:undefined:undefined":23,"s:202:2:202:Infinity":58,"s:202:23:202:Infinity":59,"b:203:2:203:Infinity:undefined:undefined:undefined:undefined":24,"s:203:2:203:Infinity":60,"s:203:23:203:Infinity":61,"b:204:2:204:Infinity:undefined:undefined:undefined:undefined":25,"s:204:2:204:Infinity":62,"s:204:23:204:Infinity":63,"s:206:16:218:Infinity":64,"b:214:41:214:58:214:58:214:Infinity":26,"s:220:19:228:Infinity":65,"f:220:37:220:47":8,"s:220:47:228:4":66,"b:230:2:230:Infinity:undefined:undefined:undefined:undefined":27,"s:230:2:230:Infinity":67,"s:230:54:230:Infinity":68,"s:233:2:251:Infinity":69,"f:233:16:233:17":9,"s:235:24:235:Infinity":70,"s:238:24:241:Infinity":71,"f:238:40:238:Infinity":10,"s:239:6:240:Infinity":72,"b:239:6:239:Infinity:240:6:240:Infinity":28,"b:243:4:250:Infinity:undefined:undefined:undefined:undefined":29,"s:243:4:250:Infinity":73,"s:244:6:244:Infinity":74,"s:246:6:249:Infinity":75,"f:246:26:246:35":11,"b:247:8:247:Infinity:undefined:undefined:undefined:undefined":30,"s:247:8:247:Infinity":76,"s:247:43:247:Infinity":77,"b:248:8:248:Infinity:undefined:undefined:undefined:undefined":31,"s:248:8:248:Infinity":78,"s:248:43:248:Infinity":79,"s:254:2:262:Infinity":80,"f:255:9:255:15":12,"s:255:15:262:6":81,"s:266:39:308:Infinity":82,"f:266:39:266:Infinity":13,"s:273:22:275:Infinity":83,"b:274:6:274:Infinity:275:6:275:Infinity":32,"b:273:22:273:40:273:40:273:Infinity":33,"s:278:30:299:Infinity":84,"s:304:2:307:Infinity":85,"f:304:26:304:34":14,"s:304:34:307:4":86,"s:313:38:390:Infinity":87,"f:313:38:313:Infinity":15,"s:319:20:319:Infinity":88,"s:320:18:320:Infinity":89,"s:323:22:325:Infinity":90,"b:324:6:324:Infinity:325:6:325:Infinity":34,"b:323:22:323:40:323:40:323:Infinity":35,"s:328:27:337:Infinity":91,"s:344:18:346:Infinity":92,"f:345:18:345:23":16,"s:345:23:345:86":93,"s:349:21:349:Infinity":94,"s:350:19:350:Infinity":95,"b:350:43:350:69:350:69:350:Infinity":36,"s:351:19:351:Infinity":96,"b:351:43:351:69:351:69:351:Infinity":37,"s:353:23:369:Infinity":97,"f:353:23:353:24":17,"b:355:2:355:Infinity:undefined:undefined:undefined:undefined":38,"s:355:2:355:Infinity":98,"s:355:17:355:Infinity":99,"b:359:2:359:Infinity:undefined:undefined:undefined:undefined":39,"s:359:2:359:Infinity":100,"s:359:19:359:Infinity":101,"s:361:16:361:Infinity":102,"s:365:16:365:Infinity":103,"s:368:2:368:Infinity":104,"s:372:23:372:Infinity":105,"s:373:22:373:Infinity":106,"s:375:2:387:Infinity":107,"s:376:20:376:Infinity":108,"s:377:18:377:Infinity":109,"b:377:18:377:42:377:42:377:Infinity":40,"s:379:4:383:Infinity":110,"s:386:4:386:Infinity":111,"s:389:2:389:Infinity":112,"s:392:44:450:Infinity":113,"f:392:44:392:Infinity":18,"s:399:21:399:Infinity":114,"s:400:19:400:Infinity":115,"s:403:22:405:Infinity":116,"b:404:6:404:Infinity:405:6:405:Infinity":41,"b:403:22:403:40:403:40:403:Infinity":42,"s:408:56:418:Infinity":117,"s:424:18:424:Infinity":118,"f:424:41:424:46":19,"s:424:46:424:79":119,"s:426:21:426:Infinity":120,"s:427:19:427:Infinity":121,"b:427:43:427:69:427:69:427:Infinity":43,"s:429:25:437:Infinity":122,"f:429:25:429:26":20,"b:430:4:430:Infinity:undefined:undefined:undefined:undefined":44,"s:430:4:430:Infinity":123,"s:430:19:430:Infinity":124,"b:432:4:432:Infinity:undefined:undefined:undefined:undefined":45,"s:432:4:432:Infinity":125,"b:432:8:432:21:432:21:432:34":46,"s:432:34:432:Infinity":126,"s:434:18:434:Infinity":127,"s:436:4:436:Infinity":128,"s:440:2:449:Infinity":129,"f:440:36:440:37":21,"s:441:18:441:Infinity":130,"b:441:18:441:39:441:39:441:Infinity":47,"s:443:4:448:Infinity":131,"s:453:35:493:Infinity":132,"f:453:35:453:Infinity":22,"s:461:22:478:Infinity":133,"b:468:41:468:58:468:58:468:Infinity":48,"s:481:19:483:Infinity":134,"f:481:19:481:20":23,"s:482:4:482:Infinity":135,"b:482:11:482:64:482:64:482:Infinity":49,"f:482:28:482:33":24,"s:482:33:482:48":136,"s:487:2:492:Infinity":137,"s:497:37:583:Infinity":138,"f:497:37:497:Infinity":25,"s:505:15:507:Infinity":139,"b:509:2:509:Infinity:undefined:undefined:undefined:undefined":50,"s:509:2:509:Infinity":140,"s:509:13:509:Infinity":141,"s:511:34:519:Infinity":142,"s:521:21:521:Infinity":143,"f:521:39:521:40":26,"s:521:53:521:72":144,"s:524:22:526:Infinity":145,"b:525:6:525:Infinity:526:6:526:Infinity":51,"b:524:22:524:40:524:40:524:Infinity":52,"s:529:20:531:Infinity":146,"b:530:6:530:Infinity:531:6:531:Infinity":53,"s:534:28:550:Infinity":147,"s:556:2:582:Infinity":148,"f:556:24:556:31":27,"s:557:29:557:Infinity":149,"s:559:21:565:Infinity":150,"f:559:21:559:22":28,"b:561:6:564:Infinity:undefined:undefined:undefined:undefined":54,"s:561:6:564:Infinity":151,"b:561:10:561:20:561:20:561:32":55,"s:562:19:562:Infinity":152,"s:563:8:563:Infinity":153,"s:567:4:567:Infinity":154,"s:568:4:568:Infinity":155,"s:569:4:569:Infinity":156,"s:570:4:570:Infinity":157,"s:571:4:571:Infinity":158,"s:573:23:575:Infinity":159,"b:574:8:574:Infinity:575:8:575:Infinity":56,"f:574:33:574:34":29,"s:574:43:574:50":160,"s:577:4:581:Infinity":161,"s:585:31:658:Infinity":162,"f:585:31:585:Infinity":30,"s:597:59:597:Infinity":163,"s:598:8:598:Infinity":164,"s:601:20:601:Infinity":165,"s:602:18:602:Infinity":166,"s:605:22:607:Infinity":167,"b:606:6:606:Infinity:607:6:607:Infinity":57,"b:605:22:605:34:605:34:605:Infinity":58,"s:615:28:646:Infinity":168,"s:649:2:657:Infinity":169,"f:649:24:649:34":31,"s:649:34:657:4":170,"s:663:37:714:Infinity":171,"f:663:37:663:Infinity":32,"s:674:23:674:Infinity":172,"s:675:24:675:Infinity":173,"s:676:20:676:Infinity":174,"s:679:23:679:Infinity":175,"f:679:40:679:41":33,"s:679:50:679:81":176,"s:681:2:699:Infinity":177,"b:683:4:692:Infinity:undefined:undefined:undefined:undefined":59,"s:683:4:692:Infinity":178,"s:684:6:691:Infinity":179,"s:695:4:695:Infinity":180,"s:698:4:698:Infinity":181,"b:702:2:711:Infinity:undefined:undefined:undefined:undefined":60,"s:702:2:711:Infinity":182,"s:703:4:710:Infinity":183,"s:713:2:713:Infinity":184}}}
,"/home/zerpa/garden-backend/controllers/Webhook.controller.ts": {"path":"/home/zerpa/garden-backend/controllers/Webhook.controller.ts","statementMap":{"0":{"start":{"line":5,"column":13},"end":{"line":5,"column":null}},"1":{"start":{"line":11,"column":33},"end":{"line":103,"column":null}},"2":{"start":{"line":13,"column":20},"end":{"line":15,"column":null}},"3":{"start":{"line":17,"column":4},"end":{"line":17,"column":null}},"4":{"start":{"line":17,"column":18},"end":{"line":17,"column":null}},"5":{"start":{"line":20,"column":19},"end":{"line":27,"column":null}},"6":{"start":{"line":29,"column":13},"end":{"line":29,"column":null}},"7":{"start":{"line":32,"column":23},"end":{"line":36,"column":null}},"8":{"start":{"line":38,"column":2},"end":{"line":38,"column":null}},"9":{"start":{"line":38,"column":20},"end":{"line":38,"column":null}},"10":{"start":{"line":40,"column":16},"end":{"line":43,"column":null}},"11":{"start":{"line":45,"column":2},"end":{"line":45,"column":null}},"12":{"start":{"line":45,"column":13},"end":{"line":45,"column":null}},"13":{"start":{"line":46,"column":2},"end":{"line":46,"column":null}},"14":{"start":{"line":46,"column":35},"end":{"line":46,"column":null}},"15":{"start":{"line":50,"column":2},"end":{"line":102,"column":null}},"16":{"start":{"line":53,"column":19},"end":{"line":60,"column":null}},"17":{"start":{"line":62,"column":26},"end":{"line":72,"column":null}},"18":{"start":{"line":77,"column":17},"end":{"line":88,"column":null}},"19":{"start":{"line":96,"column":4},"end":{"line":96,"column":null}},"20":{"start":{"line":96,"column":38},"end":{"line":96,"column":null}},"21":{"start":{"line":97,"column":4},"end":{"line":97,"column":null}},"22":{"start":{"line":97,"column":37},"end":{"line":97,"column":null}},"23":{"start":{"line":98,"column":4},"end":{"line":98,"column":null}},"24":{"start":{"line":98,"column":33},"end":{"line":98,"column":null}},"25":{"start":{"line":100,"column":4},"end":{"line":100,"column":null}},"26":{"start":{"line":111,"column":36},"end":{"line":125,"column":null}},"27":{"start":{"line":112,"column":19},"end":{"line":112,"column":null}},"28":{"start":{"line":114,"column":45},"end":{"line":122,"column":null}},"29":{"start":{"line":124,"column":2},"end":{"line":124,"column":null}}},"fnMap":{"0":{"name":"(anonymous_0)","decl":{"start":{"line":11,"column":33},"end":{"line":11,"column":40}},"loc":{"start":{"line":11,"column":97},"end":{"line":103,"column":null}},"line":11},"1":{"name":"(anonymous_1)","decl":{"start":{"line":50,"column":35},"end":{"line":50,"column":42}},"loc":{"start":{"line":50,"column":49},"end":{"line":102,"column":3}},"line":50},"2":{"name":"(anonymous_2)","decl":{"start":{"line":111,"column":36},"end":{"line":111,"column":37}},"loc":{"start":{"line":111,"column":71},"end":{"line":125,"column":null}},"line":111}},"branchMap":{"0":{"loc":{"start":{"line":17,"column":4},"end":{"line":17,"column":null}},"type":"if","locations":[{"start":{"line":17,"column":4},"end":{"line":17,"column":null}},{"start":{},"end":{}}],"line":17},"1":{"loc":{"start":{"line":38,"column":2},"end":{"line":38,"column":null}},"type":"if","locations":[{"start":{"line":38,"column":2},"end":{"line":38,"column":null}},{"start":{},"end":{}}],"line":38},"2":{"loc":{"start":{"line":45,"column":2},"end":{"line":45,"column":null}},"type":"if","locations":[{"start":{"line":45,"column":2},"end":{"line":45,"column":null}},{"start":{},"end":{}}],"line":45},"3":{"loc":{"start":{"line":46,"column":2},"end":{"line":46,"column":null}},"type":"if","locations":[{"start":{"line":46,"column":2},"end":{"line":46,"column":null}},{"start":{},"end":{}}],"line":46},"4":{"loc":{"start":{"line":96,"column":4},"end":{"line":96,"column":null}},"type":"if","locations":[{"start":{"line":96,"column":4},"end":{"line":96,"column":null}},{"start":{},"end":{}}],"line":96},"5":{"loc":{"start":{"line":97,"column":4},"end":{"line":97,"column":null}},"type":"if","locations":[{"start":{"line":97,"column":4},"end":{"line":97,"column":null}},{"start":{},"end":{}}],"line":97},"6":{"loc":{"start":{"line":98,"column":4},"end":{"line":98,"column":null}},"type":"if","locations":[{"start":{"line":98,"column":4},"end":{"line":98,"column":null}},{"start":{},"end":{}}],"line":98}},"s":{"0":1,"1":1,"2":0,"3":0,"4":0,"5":0,"6":0,"7":0,"8":0,"9":0,"10":0,"11":0,"12":0,"13":0,"14":0,"15":0,"16":0,"17":0,"18":0,"19":0,"20":0,"21":0,"22":0,"23":0,"24":0,"25":0,"26":1,"27":0,"28":0,"29":0},"f":{"0":0,"1":0,"2":0},"b":{"0":[0,0],"1":[0,0],"2":[0,0],"3":[0,0],"4":[0,0],"5":[0,0],"6":[0,0]},"meta":{"lastBranch":7,"lastFunction":3,"lastStatement":30,"seen":{"s:5:13:5:Infinity":0,"s:11:33:103:Infinity":1,"f:11:33:11:40":0,"s:13:20:15:Infinity":2,"b:17:4:17:Infinity:undefined:undefined:undefined:undefined":0,"s:17:4:17:Infinity":3,"s:17:18:17:Infinity":4,"s:20:19:27:Infinity":5,"s:29:13:29:Infinity":6,"s:32:23:36:Infinity":7,"b:38:2:38:Infinity:undefined:undefined:undefined:undefined":1,"s:38:2:38:Infinity":8,"s:38:20:38:Infinity":9,"s:40:16:43:Infinity":10,"b:45:2:45:Infinity:undefined:undefined:undefined:undefined":2,"s:45:2:45:Infinity":11,"s:45:13:45:Infinity":12,"b:46:2:46:Infinity:undefined:undefined:undefined:undefined":3,"s:46:2:46:Infinity":13,"s:46:35:46:Infinity":14,"s:50:2:102:Infinity":15,"f:50:35:50:42":1,"s:53:19:60:Infinity":16,"s:62:26:72:Infinity":17,"s:77:17:88:Infinity":18,"b:96:4:96:Infinity:undefined:undefined:undefined:undefined":4,"s:96:4:96:Infinity":19,"s:96:38:96:Infinity":20,"b:97:4:97:Infinity:undefined:undefined:undefined:undefined":5,"s:97:4:97:Infinity":21,"s:97:37:97:Infinity":22,"b:98:4:98:Infinity:undefined:undefined:undefined:undefined":6,"s:98:4:98:Infinity":23,"s:98:33:98:Infinity":24,"s:100:4:100:Infinity":25,"s:111:36:125:Infinity":26,"f:111:36:111:37":2,"s:112:19:112:Infinity":27,"s:114:45:122:Infinity":28,"s:124:2:124:Infinity":29}}}
,"/home/zerpa/garden-backend/controllers/agentDashboard.controller.ts": {"path":"/home/zerpa/garden-backend/controllers/agentDashboard.controller.ts","statementMap":{"0":{"start":{"line":4,"column":35},"end":{"line":101,"column":null}},"1":{"start":{"line":5,"column":21},"end":{"line":5,"column":null}},"2":{"start":{"line":6,"column":19},"end":{"line":6,"column":null}},"3":{"start":{"line":7,"column":15},"end":{"line":7,"column":null}},"4":{"start":{"line":8,"column":18},"end":{"line":8,"column":null}},"5":{"start":{"line":10,"column":2},"end":{"line":10,"column":null}},"6":{"start":{"line":10,"column":15},"end":{"line":10,"column":null}},"7":{"start":{"line":13,"column":16},"end":{"line":13,"column":null}},"8":{"start":{"line":14,"column":20},"end":{"line":14,"column":null}},"9":{"start":{"line":16,"column":58},"end":{"line":38,"column":null}},"10":{"start":{"line":41,"column":21},"end":{"line":41,"column":null}},"11":{"start":{"line":42,"column":19},"end":{"line":42,"column":null}},"12":{"start":{"line":43,"column":16},"end":{"line":43,"column":null}},"13":{"start":{"line":43,"column":37},"end":{"line":43,"column":62}},"14":{"start":{"line":44,"column":16},"end":{"line":44,"column":null}},"15":{"start":{"line":44,"column":37},"end":{"line":44,"column":62}},"16":{"start":{"line":45,"column":16},"end":{"line":45,"column":null}},"17":{"start":{"line":45,"column":37},"end":{"line":45,"column":62}},"18":{"start":{"line":46,"column":20},"end":{"line":48,"column":null}},"19":{"start":{"line":51,"column":26},"end":{"line":54,"column":null}},"20":{"start":{"line":56,"column":22},"end":{"line":56,"column":null}},"21":{"start":{"line":57,"column":18},"end":{"line":57,"column":null}},"22":{"start":{"line":58,"column":18},"end":{"line":58,"column":null}},"23":{"start":{"line":59,"column":18},"end":{"line":59,"column":null}},"24":{"start":{"line":60,"column":26},"end":{"line":60,"column":null}},"25":{"start":{"line":61,"column":30},"end":{"line":61,"column":null}},"26":{"start":{"line":62,"column":28},"end":{"line":62,"column":null}},"27":{"start":{"line":64,"column":2},"end":{"line":79,"column":null}},"28":{"start":{"line":65,"column":14},"end":{"line":65,"column":null}},"29":{"start":{"line":66,"column":24},"end":{"line":71,"column":null}},"30":{"start":{"line":72,"column":4},"end":{"line":72,"column":null}},"31":{"start":{"line":72,"column":75},"end":{"line":72,"column":82}},"32":{"start":{"line":73,"column":4},"end":{"line":73,"column":null}},"33":{"start":{"line":74,"column":4},"end":{"line":74,"column":null}},"34":{"start":{"line":75,"column":4},"end":{"line":75,"column":null}},"35":{"start":{"line":76,"column":4},"end":{"line":76,"column":null}},"36":{"start":{"line":77,"column":4},"end":{"line":77,"column":null}},"37":{"start":{"line":78,"column":4},"end":{"line":78,"column":null}},"38":{"start":{"line":81,"column":17},"end":{"line":81,"column":null}},"39":{"start":{"line":82,"column":21},"end":{"line":82,"column":null}},"40":{"start":{"line":83,"column":16},"end":{"line":83,"column":null}},"41":{"start":{"line":84,"column":24},"end":{"line":84,"column":null}},"42":{"start":{"line":86,"column":2},"end":{"line":100,"column":null}},"43":{"start":{"line":103,"column":33},"end":{"line":116,"column":null}},"44":{"start":{"line":104,"column":15},"end":{"line":104,"column":null}},"45":{"start":{"line":105,"column":18},"end":{"line":105,"column":null}},"46":{"start":{"line":107,"column":2},"end":{"line":107,"column":null}},"47":{"start":{"line":107,"column":15},"end":{"line":107,"column":null}},"48":{"start":{"line":109,"column":19},"end":{"line":109,"column":null}},"49":{"start":{"line":111,"column":2},"end":{"line":111,"column":null}},"50":{"start":{"line":111,"column":16},"end":{"line":111,"column":null}},"51":{"start":{"line":113,"column":17},"end":{"line":113,"column":null}},"52":{"start":{"line":115,"column":2},"end":{"line":115,"column":null}},"53":{"start":{"line":118,"column":36},"end":{"line":155,"column":null}},"54":{"start":{"line":120,"column":15},"end":{"line":120,"column":null}},"55":{"start":{"line":123,"column":14},"end":{"line":123,"column":null}},"56":{"start":{"line":125,"column":15},"end":{"line":125,"column":null}},"57":{"start":{"line":127,"column":22},"end":{"line":127,"column":null}},"58":{"start":{"line":129,"column":15},"end":{"line":129,"column":null}},"59":{"start":{"line":130,"column":21},"end":{"line":130,"column":null}},"60":{"start":{"line":132,"column":2},"end":{"line":152,"column":null}},"61":{"start":{"line":132,"column":15},"end":{"line":132,"column":18}},"62":{"start":{"line":133,"column":23},"end":{"line":133,"column":null}},"63":{"start":{"line":134,"column":4},"end":{"line":134,"column":null}},"64":{"start":{"line":136,"column":21},"end":{"line":136,"column":null}},"65":{"start":{"line":137,"column":4},"end":{"line":137,"column":null}},"66":{"start":{"line":140,"column":39},"end":{"line":144,"column":null}},"67":{"start":{"line":146,"column":14},"end":{"line":146,"column":null}},"68":{"start":{"line":146,"column":33},"end":{"line":146,"column":58}},"69":{"start":{"line":147,"column":14},"end":{"line":147,"column":null}},"70":{"start":{"line":147,"column":33},"end":{"line":147,"column":58}},"71":{"start":{"line":148,"column":15},"end":{"line":148,"column":null}},"72":{"start":{"line":148,"column":34},"end":{"line":148,"column":59}},"73":{"start":{"line":150,"column":19},"end":{"line":150,"column":null}},"74":{"start":{"line":151,"column":4},"end":{"line":151,"column":null}},"75":{"start":{"line":154,"column":2},"end":{"line":154,"column":null}},"76":{"start":{"line":164,"column":34},"end":{"line":198,"column":null}},"77":{"start":{"line":170,"column":2},"end":{"line":197,"column":null}},"78":{"start":{"line":171,"column":17},"end":{"line":171,"column":null}},"79":{"start":{"line":172,"column":20},"end":{"line":172,"column":null}},"80":{"start":{"line":174,"column":4},"end":{"line":174,"column":null}},"81":{"start":{"line":174,"column":17},"end":{"line":174,"column":null}},"82":{"start":{"line":177,"column":19},"end":{"line":177,"column":null}},"83":{"start":{"line":178,"column":4},"end":{"line":180,"column":null}},"84":{"start":{"line":178,"column":29},"end":{"line":178,"column":52}},"85":{"start":{"line":179,"column":6},"end":{"line":179,"column":null}},"86":{"start":{"line":183,"column":21},"end":{"line":191,"column":null}},"87":{"start":{"line":193,"column":4},"end":{"line":193,"column":null}},"88":{"start":{"line":195,"column":4},"end":{"line":195,"column":null}},"89":{"start":{"line":196,"column":4},"end":{"line":196,"column":null}}},"fnMap":{"0":{"name":"(anonymous_0)","decl":{"start":{"line":4,"column":35},"end":{"line":4,"column":42}},"loc":{"start":{"line":4,"column":75},"end":{"line":101,"column":null}},"line":4},"1":{"name":"(anonymous_1)","decl":{"start":{"line":43,"column":30},"end":{"line":43,"column":31}},"loc":{"start":{"line":43,"column":37},"end":{"line":43,"column":62}},"line":43},"2":{"name":"(anonymous_2)","decl":{"start":{"line":44,"column":30},"end":{"line":44,"column":31}},"loc":{"start":{"line":44,"column":37},"end":{"line":44,"column":62}},"line":44},"3":{"name":"(anonymous_3)","decl":{"start":{"line":45,"column":30},"end":{"line":45,"column":31}},"loc":{"start":{"line":45,"column":37},"end":{"line":45,"column":62}},"line":45},"4":{"name":"(anonymous_4)","decl":{"start":{"line":72,"column":65},"end":{"line":72,"column":66}},"loc":{"start":{"line":72,"column":75},"end":{"line":72,"column":82}},"line":72},"5":{"name":"(anonymous_5)","decl":{"start":{"line":103,"column":33},"end":{"line":103,"column":40}},"loc":{"start":{"line":103,"column":76},"end":{"line":116,"column":null}},"line":103},"6":{"name":"(anonymous_6)","decl":{"start":{"line":118,"column":36},"end":{"line":118,"column":43}},"loc":{"start":{"line":118,"column":80},"end":{"line":155,"column":null}},"line":118},"7":{"name":"(anonymous_7)","decl":{"start":{"line":146,"column":28},"end":{"line":146,"column":33}},"loc":{"start":{"line":146,"column":33},"end":{"line":146,"column":58}},"line":146},"8":{"name":"(anonymous_8)","decl":{"start":{"line":147,"column":28},"end":{"line":147,"column":33}},"loc":{"start":{"line":147,"column":33},"end":{"line":147,"column":58}},"line":147},"9":{"name":"(anonymous_9)","decl":{"start":{"line":148,"column":29},"end":{"line":148,"column":34}},"loc":{"start":{"line":148,"column":34},"end":{"line":148,"column":59}},"line":148},"10":{"name":"(anonymous_10)","decl":{"start":{"line":164,"column":34},"end":{"line":164,"column":null}},"loc":{"start":{"line":169,"column":5},"end":{"line":198,"column":null}},"line":169},"11":{"name":"(anonymous_11)","decl":{"start":{"line":178,"column":20},"end":{"line":178,"column":29}},"loc":{"start":{"line":178,"column":29},"end":{"line":178,"column":52}},"line":178}},"branchMap":{"0":{"loc":{"start":{"line":10,"column":2},"end":{"line":10,"column":null}},"type":"if","locations":[{"start":{"line":10,"column":2},"end":{"line":10,"column":null}},{"start":{},"end":{}}],"line":10},"1":{"loc":{"start":{"line":41,"column":21},"end":{"line":41,"column":null}},"type":"binary-expr","locations":[{"start":{"line":41,"column":21},"end":{"line":41,"column":46}},{"start":{"line":41,"column":46},"end":{"line":41,"column":null}}],"line":41},"2":{"loc":{"start":{"line":42,"column":19},"end":{"line":42,"column":null}},"type":"binary-expr","locations":[{"start":{"line":42,"column":19},"end":{"line":42,"column":55}},{"start":{"line":42,"column":55},"end":{"line":42,"column":null}}],"line":42},"3":{"loc":{"start":{"line":64,"column":2},"end":{"line":79,"column":null}},"type":"if","locations":[{"start":{"line":64,"column":2},"end":{"line":79,"column":null}},{"start":{},"end":{}}],"line":64},"4":{"loc":{"start":{"line":67,"column":6},"end":{"line":67,"column":null}},"type":"cond-expr","locations":[{"start":{"line":67,"column":17},"end":{"line":67,"column":36}},{"start":{"line":67,"column":36},"end":{"line":67,"column":null}}],"line":67},"5":{"loc":{"start":{"line":68,"column":6},"end":{"line":68,"column":null}},"type":"cond-expr","locations":[{"start":{"line":68,"column":17},"end":{"line":68,"column":36}},{"start":{"line":68,"column":36},"end":{"line":68,"column":null}}],"line":68},"6":{"loc":{"start":{"line":69,"column":6},"end":{"line":69,"column":null}},"type":"cond-expr","locations":[{"start":{"line":69,"column":17},"end":{"line":69,"column":36}},{"start":{"line":69,"column":36},"end":{"line":69,"column":null}}],"line":69},"7":{"loc":{"start":{"line":70,"column":6},"end":{"line":70,"column":null}},"type":"cond-expr","locations":[{"start":{"line":70,"column":25},"end":{"line":70,"column":57}},{"start":{"line":70,"column":57},"end":{"line":70,"column":null}}],"line":70},"8":{"loc":{"start":{"line":90,"column":12},"end":{"line":90,"column":null}},"type":"binary-expr","locations":[{"start":{"line":90,"column":12},"end":{"line":90,"column":22}},{"start":{"line":90,"column":22},"end":{"line":90,"column":null}}],"line":90},"9":{"loc":{"start":{"line":91,"column":11},"end":{"line":91,"column":null}},"type":"binary-expr","locations":[{"start":{"line":91,"column":11},"end":{"line":91,"column":20}},{"start":{"line":91,"column":20},"end":{"line":91,"column":null}}],"line":91},"10":{"loc":{"start":{"line":92,"column":16},"end":{"line":92,"column":null}},"type":"binary-expr","locations":[{"start":{"line":92,"column":16},"end":{"line":92,"column":30}},{"start":{"line":92,"column":30},"end":{"line":92,"column":null}}],"line":92},"11":{"loc":{"start":{"line":107,"column":2},"end":{"line":107,"column":null}},"type":"if","locations":[{"start":{"line":107,"column":2},"end":{"line":107,"column":null}},{"start":{},"end":{}}],"line":107},"12":{"loc":{"start":{"line":111,"column":2},"end":{"line":111,"column":null}},"type":"if","locations":[{"start":{"line":111,"column":2},"end":{"line":111,"column":null}},{"start":{},"end":{}}],"line":111},"13":{"loc":{"start":{"line":125,"column":42},"end":{"line":125,"column":null}},"type":"cond-expr","locations":[{"start":{"line":125,"column":54},"end":{"line":125,"column":59}},{"start":{"line":125,"column":59},"end":{"line":125,"column":null}}],"line":125},"14":{"loc":{"start":{"line":174,"column":4},"end":{"line":174,"column":null}},"type":"if","locations":[{"start":{"line":174,"column":4},"end":{"line":174,"column":null}},{"start":{},"end":{}}],"line":174},"15":{"loc":{"start":{"line":178,"column":4},"end":{"line":180,"column":null}},"type":"if","locations":[{"start":{"line":178,"column":4},"end":{"line":180,"column":null}},{"start":{},"end":{}}],"line":178},"16":{"loc":{"start":{"line":178,"column":29},"end":{"line":178,"column":52}},"type":"binary-expr","locations":[{"start":{"line":178,"column":29},"end":{"line":178,"column":42}},{"start":{"line":178,"column":42},"end":{"line":178,"column":52}}],"line":178}},"s":{"0":1,"1":0,"2":0,"3":0,"4":0,"5":0,"6":0,"7":0,"8":0,"9":0,"10":0,"11":0,"12":0,"13":0,"14":0,"15":0,"16":0,"17":0,"18":0,"19":0,"20":0,"21":0,"22":0,"23":0,"24":0,"25":0,"26":0,"27":0,"28":0,"29":0,"30":0,"31":0,"32":0,"33":0,"34":0,"35":0,"36":0,"37":0,"38":0,"39":0,"40":0,"41":0,"42":0,"43":1,"44":0,"45":0,"46":0,"47":0,"48":0,"49":0,"50":0,"51":0,"52":0,"53":1,"54":0,"55":0,"56":0,"57":0,"58":0,"59":0,"60":0,"61":0,"62":0,"63":0,"64":0,"65":0,"66":0,"67":0,"68":0,"69":0,"70":0,"71":0,"72":0,"73":0,"74":0,"75":0,"76":1,"77":0,"78":0,"79":0,"80":0,"81":0,"82":0,"83":0,"84":0,"85":0,"86":0,"87":0,"88":0,"89":0},"f":{"0":0,"1":0,"2":0,"3":0,"4":0,"5":0,"6":0,"7":0,"8":0,"9":0,"10":0,"11":0},"b":{"0":[0,0],"1":[0,0],"2":[0,0],"3":[0,0],"4":[0,0],"5":[0,0],"6":[0,0],"7":[0,0],"8":[0,0],"9":[0,0],"10":[0,0],"11":[0,0],"12":[0,0],"13":[0,0],"14":[0,0],"15":[0,0],"16":[0,0]},"meta":{"lastBranch":17,"lastFunction":12,"lastStatement":90,"seen":{"s:4:35:101:Infinity":0,"f:4:35:4:42":0,"s:5:21:5:Infinity":1,"s:6:19:6:Infinity":2,"s:7:15:7:Infinity":3,"s:8:18:8:Infinity":4,"b:10:2:10:Infinity:undefined:undefined:undefined:undefined":0,"s:10:2:10:Infinity":5,"s:10:15:10:Infinity":6,"s:13:16:13:Infinity":7,"s:14:20:14:Infinity":8,"s:16:58:38:Infinity":9,"s:41:21:41:Infinity":10,"b:41:21:41:46:41:46:41:Infinity":1,"s:42:19:42:Infinity":11,"b:42:19:42:55:42:55:42:Infinity":2,"s:43:16:43:Infinity":12,"f:43:30:43:31":1,"s:43:37:43:62":13,"s:44:16:44:Infinity":14,"f:44:30:44:31":2,"s:44:37:44:62":15,"s:45:16:45:Infinity":16,"f:45:30:45:31":3,"s:45:37:45:62":17,"s:46:20:48:Infinity":18,"s:51:26:54:Infinity":19,"s:56:22:56:Infinity":20,"s:57:18:57:Infinity":21,"s:58:18:58:Infinity":22,"s:59:18:59:Infinity":23,"s:60:26:60:Infinity":24,"s:61:30:61:Infinity":25,"s:62:28:62:Infinity":26,"b:64:2:79:Infinity:undefined:undefined:undefined:undefined":3,"s:64:2:79:Infinity":27,"s:65:14:65:Infinity":28,"s:66:24:71:Infinity":29,"b:67:17:67:36:67:36:67:Infinity":4,"b:68:17:68:36:68:36:68:Infinity":5,"b:69:17:69:36:69:36:69:Infinity":6,"b:70:25:70:57:70:57:70:Infinity":7,"s:72:4:72:Infinity":30,"f:72:65:72:66":4,"s:72:75:72:82":31,"s:73:4:73:Infinity":32,"s:74:4:74:Infinity":33,"s:75:4:75:Infinity":34,"s:76:4:76:Infinity":35,"s:77:4:77:Infinity":36,"s:78:4:78:Infinity":37,"s:81:17:81:Infinity":38,"s:82:21:82:Infinity":39,"s:83:16:83:Infinity":40,"s:84:24:84:Infinity":41,"s:86:2:100:Infinity":42,"b:90:12:90:22:90:22:90:Infinity":8,"b:91:11:91:20:91:20:91:Infinity":9,"b:92:16:92:30:92:30:92:Infinity":10,"s:103:33:116:Infinity":43,"f:103:33:103:40":5,"s:104:15:104:Infinity":44,"s:105:18:105:Infinity":45,"b:107:2:107:Infinity:undefined:undefined:undefined:undefined":11,"s:107:2:107:Infinity":46,"s:107:15:107:Infinity":47,"s:109:19:109:Infinity":48,"b:111:2:111:Infinity:undefined:undefined:undefined:undefined":12,"s:111:2:111:Infinity":49,"s:111:16:111:Infinity":50,"s:113:17:113:Infinity":51,"s:115:2:115:Infinity":52,"s:118:36:155:Infinity":53,"f:118:36:118:43":6,"s:120:15:120:Infinity":54,"s:123:14:123:Infinity":55,"s:125:15:125:Infinity":56,"b:125:54:125:59:125:59:125:Infinity":13,"s:127:22:127:Infinity":57,"s:129:15:129:Infinity":58,"s:130:21:130:Infinity":59,"s:132:2:152:Infinity":60,"s:132:15:132:18":61,"s:133:23:133:Infinity":62,"s:134:4:134:Infinity":63,"s:136:21:136:Infinity":64,"s:137:4:137:Infinity":65,"s:140:39:144:Infinity":66,"s:146:14:146:Infinity":67,"f:146:28:146:33":7,"s:146:33:146:58":68,"s:147:14:147:Infinity":69,"f:147:28:147:33":8,"s:147:33:147:58":70,"s:148:15:148:Infinity":71,"f:148:29:148:34":9,"s:148:34:148:59":72,"s:150:19:150:Infinity":73,"s:151:4:151:Infinity":74,"s:154:2:154:Infinity":75,"s:164:34:198:Infinity":76,"f:164:34:164:Infinity":10,"s:170:2:197:Infinity":77,"s:171:17:171:Infinity":78,"s:172:20:172:Infinity":79,"b:174:4:174:Infinity:undefined:undefined:undefined:undefined":14,"s:174:4:174:Infinity":80,"s:174:17:174:Infinity":81,"s:177:19:177:Infinity":82,"b:178:4:180:Infinity:undefined:undefined:undefined:undefined":15,"s:178:4:180:Infinity":83,"f:178:20:178:29":11,"s:178:29:178:52":84,"b:178:29:178:42:178:42:178:52":16,"s:179:6:179:Infinity":85,"s:183:21:191:Infinity":86,"s:193:4:193:Infinity":87,"s:195:4:195:Infinity":88,"s:196:4:196:Infinity":89}}}
,"/home/zerpa/garden-backend/controllers/goals.controller.ts": {"path":"/home/zerpa/garden-backend/controllers/goals.controller.ts","statementMap":{"0":{"start":{"line":7,"column":34},"end":{"line":22,"column":null}},"1":{"start":{"line":19,"column":2},"end":{"line":21,"column":null}},"2":{"start":{"line":28,"column":34},"end":{"line":33,"column":null}},"3":{"start":{"line":29,"column":2},"end":{"line":32,"column":null}},"4":{"start":{"line":35,"column":28},"end":{"line":39,"column":null}},"5":{"start":{"line":36,"column":2},"end":{"line":38,"column":null}},"6":{"start":{"line":45,"column":34},"end":{"line":53,"column":null}},"7":{"start":{"line":49,"column":2},"end":{"line":52,"column":null}},"8":{"start":{"line":60,"column":34},"end":{"line":72,"column":null}},"9":{"start":{"line":61,"column":2},"end":{"line":71,"column":null}},"10":{"start":{"line":63,"column":4},"end":{"line":65,"column":null}},"11":{"start":{"line":68,"column":4},"end":{"line":70,"column":null}},"12":{"start":{"line":82,"column":38},"end":{"line":102,"column":null}},"13":{"start":{"line":87,"column":2},"end":{"line":101,"column":null}},"14":{"start":{"line":108,"column":37},"end":{"line":128,"column":null}},"15":{"start":{"line":113,"column":21},"end":{"line":113,"column":null}},"16":{"start":{"line":115,"column":2},"end":{"line":127,"column":null}},"17":{"start":{"line":133,"column":37},"end":{"line":137,"column":null}},"18":{"start":{"line":134,"column":2},"end":{"line":136,"column":null}},"19":{"start":{"line":143,"column":43},"end":{"line":150,"column":null}},"20":{"start":{"line":144,"column":21},"end":{"line":144,"column":null}},"21":{"start":{"line":145,"column":2},"end":{"line":145,"column":null}},"22":{"start":{"line":147,"column":2},"end":{"line":149,"column":null}},"23":{"start":{"line":158,"column":22},"end":{"line":162,"column":null}},"24":{"start":{"line":159,"column":12},"end":{"line":159,"column":null}},"25":{"start":{"line":160,"column":2},"end":{"line":160,"column":null}},"26":{"start":{"line":161,"column":2},"end":{"line":161,"column":null}},"27":{"start":{"line":167,"column":20},"end":{"line":171,"column":null}},"28":{"start":{"line":168,"column":12},"end":{"line":168,"column":null}},"29":{"start":{"line":169,"column":2},"end":{"line":169,"column":null}},"30":{"start":{"line":170,"column":2},"end":{"line":170,"column":null}}},"fnMap":{"0":{"name":"(anonymous_0)","decl":{"start":{"line":7,"column":34},"end":{"line":7,"column":41}},"loc":{"start":{"line":18,"column":30},"end":{"line":22,"column":null}},"line":18},"1":{"name":"(anonymous_1)","decl":{"start":{"line":28,"column":34},"end":{"line":28,"column":41}},"loc":{"start":{"line":28,"column":89},"end":{"line":33,"column":null}},"line":28},"2":{"name":"(anonymous_2)","decl":{"start":{"line":35,"column":28},"end":{"line":35,"column":35}},"loc":{"start":{"line":35,"column":83},"end":{"line":39,"column":null}},"line":35},"3":{"name":"(anonymous_3)","decl":{"start":{"line":45,"column":34},"end":{"line":45,"column":null}},"loc":{"start":{"line":48,"column":29},"end":{"line":53,"column":null}},"line":48},"4":{"name":"(anonymous_4)","decl":{"start":{"line":60,"column":34},"end":{"line":60,"column":41}},"loc":{"start":{"line":60,"column":80},"end":{"line":72,"column":null}},"line":60},"5":{"name":"(anonymous_5)","decl":{"start":{"line":61,"column":35},"end":{"line":61,"column":42}},"loc":{"start":{"line":61,"column":49},"end":{"line":71,"column":3}},"line":61},"6":{"name":"(anonymous_6)","decl":{"start":{"line":82,"column":38},"end":{"line":82,"column":null}},"loc":{"start":{"line":86,"column":34},"end":{"line":102,"column":null}},"line":86},"7":{"name":"(anonymous_7)","decl":{"start":{"line":108,"column":37},"end":{"line":108,"column":null}},"loc":{"start":{"line":112,"column":32},"end":{"line":128,"column":null}},"line":112},"8":{"name":"(anonymous_8)","decl":{"start":{"line":133,"column":37},"end":{"line":133,"column":44}},"loc":{"start":{"line":133,"column":86},"end":{"line":137,"column":null}},"line":133},"9":{"name":"(anonymous_9)","decl":{"start":{"line":143,"column":43},"end":{"line":143,"column":50}},"loc":{"start":{"line":143,"column":111},"end":{"line":150,"column":null}},"line":143},"10":{"name":"(anonymous_10)","decl":{"start":{"line":158,"column":22},"end":{"line":158,"column":23}},"loc":{"start":{"line":158,"column":44},"end":{"line":162,"column":null}},"line":158},"11":{"name":"(anonymous_11)","decl":{"start":{"line":167,"column":20},"end":{"line":167,"column":21}},"loc":{"start":{"line":167,"column":42},"end":{"line":171,"column":null}},"line":167}},"branchMap":{},"s":{"0":1,"1":12,"2":1,"3":1,"4":1,"5":5,"6":1,"7":1,"8":1,"9":1,"10":1,"11":1,"12":1,"13":3,"14":1,"15":6,"16":6,"17":1,"18":1,"19":1,"20":1,"21":1,"22":1,"23":1,"24":3,"25":3,"26":3,"27":1,"28":3,"29":3,"30":3},"f":{"0":12,"1":1,"2":5,"3":1,"4":1,"5":1,"6":3,"7":6,"8":1,"9":1,"10":3,"11":3},"b":{},"meta":{"lastBranch":0,"lastFunction":12,"lastStatement":31,"seen":{"s:7:34:22:Infinity":0,"f:7:34:7:41":0,"s:19:2:21:Infinity":1,"s:28:34:33:Infinity":2,"f:28:34:28:41":1,"s:29:2:32:Infinity":3,"s:35:28:39:Infinity":4,"f:35:28:35:35":2,"s:36:2:38:Infinity":5,"s:45:34:53:Infinity":6,"f:45:34:45:Infinity":3,"s:49:2:52:Infinity":7,"s:60:34:72:Infinity":8,"f:60:34:60:41":4,"s:61:2:71:Infinity":9,"f:61:35:61:42":5,"s:63:4:65:Infinity":10,"s:68:4:70:Infinity":11,"s:82:38:102:Infinity":12,"f:82:38:82:Infinity":6,"s:87:2:101:Infinity":13,"s:108:37:128:Infinity":14,"f:108:37:108:Infinity":7,"s:113:21:113:Infinity":15,"s:115:2:127:Infinity":16,"s:133:37:137:Infinity":17,"f:133:37:133:44":8,"s:134:2:136:Infinity":18,"s:143:43:150:Infinity":19,"f:143:43:143:50":9,"s:144:21:144:Infinity":20,"s:145:2:145:Infinity":21,"s:147:2:149:Infinity":22,"s:158:22:162:Infinity":23,"f:158:22:158:23":10,"s:159:12:159:Infinity":24,"s:160:2:160:Infinity":25,"s:161:2:161:Infinity":26,"s:167:20:171:Infinity":27,"f:167:20:167:21":11,"s:168:12:168:Infinity":28,"s:169:2:169:Infinity":29,"s:170:2:170:Infinity":30}}}
[...]
,"/home/zerpa/garden-backend/routes/schema.route.ts": {"path":"/home/zerpa/garden-backend/routes/schema.route.ts","statementMap":{"0":{"start":{"line":6,"column":6},"end":{"line":6,"column":null}},"1":{"start":{"line":9,"column":0},"end":{"line":32,"column":null}},"2":{"start":{"line":10,"column":2},"end":{"line":31,"column":null}},"3":{"start":{"line":11,"column":29},"end":{"line":11,"column":null}},"4":{"start":{"line":12,"column":22},"end":{"line":12,"column":null}},"5":{"start":{"line":13,"column":22},"end":{"line":13,"column":null}},"6":{"start":{"line":15,"column":4},"end":{"line":17,"column":null}},"7":{"start":{"line":16,"column":6},"end":{"line":16,"column":null}},"8":{"start":{"line":19,"column":4},"end":{"line":19,"column":null}},"9":{"start":{"line":19,"column":25},"end":{"line":19,"column":null}},"10":{"start":{"line":21,"column":19},"end":{"line":26,"column":null}},"11":{"start":{"line":28,"column":4},"end":{"line":28,"column":null}},"12":{"start":{"line":30,"column":4},"end":{"line":30,"column":null}},"13":{"start":{"line":35,"column":0},"end":{"line":48,"column":null}},"14":{"start":{"line":36,"column":2},"end":{"line":47,"column":null}},"15":{"start":{"line":37,"column":22},"end":{"line":37,"column":null}},"16":{"start":{"line":38,"column":4},"end":{"line":38,"column":null}},"17":{"start":{"line":38,"column":19},"end":{"line":38,"column":null}},"18":{"start":{"line":39,"column":17},"end":{"line":39,"column":null}},"19":{"start":{"line":40,"column":18},"end":{"line":40,"column":null}},"20":{"start":{"line":41,"column":10},"end":{"line":41,"column":null}},"21":{"start":{"line":43,"column":19},"end":{"line":43,"column":null}},"22":{"start":{"line":44,"column":4},"end":{"line":44,"column":null}},"23":{"start":{"line":46,"column":4},"end":{"line":46,"column":null}},"24":{"start":{"line":51,"column":0},"end":{"line":59,"column":null}},"25":{"start":{"line":52,"column":2},"end":{"line":58,"column":null}},"26":{"start":{"line":53,"column":15},"end":{"line":53,"column":null}},"27":{"start":{"line":54,"column":19},"end":{"line":54,"column":null}},"28":{"start":{"line":55,"column":4},"end":{"line":55,"column":null}},"29":{"start":{"line":57,"column":4},"end":{"line":57,"column":null}},"30":{"start":{"line":63,"column":0},"end":{"line":72,"column":null}},"31":{"start":{"line":64,"column":2},"end":{"line":71,"column":null}},"32":{"start":{"line":65,"column":15},"end":{"line":65,"column":null}},"33":{"start":{"line":66,"column":4},"end":{"line":66,"column":null}},"34":{"start":{"line":67,"column":4},"end":{"line":67,"column":null}},"35":{"start":{"line":69,"column":4},"end":{"line":69,"column":null}},"36":{"start":{"line":70,"column":4},"end":{"line":70,"column":null}},"37":{"start":{"line":75,"column":0},"end":{"line":99,"column":null}},"38":{"start":{"line":80,"column":2},"end":{"line":98,"column":null}},"39":{"start":{"line":81,"column":15},"end":{"line":81,"column":null}},"40":{"start":{"line":82,"column":29},"end":{"line":82,"column":null}},"41":{"start":{"line":85,"column":4},"end":{"line":90,"column":null}},"42":{"start":{"line":86,"column":22},"end":{"line":89,"column":null}},"43":{"start":{"line":93,"column":28},"end":{"line":93,"column":null}},"44":{"start":{"line":94,"column":4},"end":{"line":94,"column":null}},"45":{"start":{"line":96,"column":4},"end":{"line":96,"column":null}},"46":{"start":{"line":97,"column":4},"end":{"line":97,"column":null}},"47":{"start":{"line":106,"column":0},"end":{"line":126,"column":null}},"48":{"start":{"line":107,"column":2},"end":{"line":125,"column":null}},"49":{"start":{"line":108,"column":25},"end":{"line":108,"column":null}},"50":{"start":{"line":109,"column":22},"end":{"line":109,"column":null}},"51":{"start":{"line":111,"column":4},"end":{"line":113,"column":null}},"52":{"start":{"line":112,"column":6},"end":{"line":112,"column":null}},"53":{"start":{"line":115,"column":25},"end":{"line":119,"column":null}},"54":{"start":{"line":121,"column":4},"end":{"line":121,"column":null}},"55":{"start":{"line":123,"column":4},"end":{"line":123,"column":null}},"56":{"start":{"line":124,"column":4},"end":{"line":124,"column":null}},"57":{"start":{"line":129,"column":0},"end":{"line":147,"column":null}},"58":{"start":{"line":130,"column":2},"end":{"line":146,"column":null}},"59":{"start":{"line":131,"column":31},"end":{"line":131,"column":null}},"60":{"start":{"line":132,"column":22},"end":{"line":132,"column":null}},"61":{"start":{"line":134,"column":4},"end":{"line":136,"column":null}},"62":{"start":{"line":135,"column":6},"end":{"line":135,"column":null}},"63":{"start":{"line":137,"column":19},"end":{"line":141,"column":null}},"64":{"start":{"line":143,"column":4},"end":{"line":143,"column":null}},"65":{"start":{"line":145,"column":4},"end":{"line":145,"column":null}},"66":{"start":{"line":150,"column":0},"end":{"line":163,"column":null}},"67":{"start":{"line":151,"column":2},"end":{"line":162,"column":null}},"68":{"start":{"line":152,"column":19},"end":{"line":152,"column":null}},"69":{"start":{"line":154,"column":4},"end":{"line":157,"column":null}},"70":{"start":{"line":155,"column":22},"end":{"line":155,"column":null}},"71":{"start":{"line":156,"column":6},"end":{"line":156,"column":null}},"72":{"start":{"line":159,"column":4},"end":{"line":159,"column":null}},"73":{"start":{"line":161,"column":4},"end":{"line":161,"column":null}},"74":{"start":{"line":171,"column":20},"end":{"line":171,"column":null}},"75":{"start":{"line":172,"column":13},"end":{"line":172,"column":null}},"76":{"start":{"line":173,"column":17},"end":{"line":173,"column":null}},"77":{"start":{"line":175,"column":2},"end":{"line":175,"column":null}},"78":{"start":{"line":175,"column":14},"end":{"line":175,"column":null}},"79":{"start":{"line":176,"column":2},"end":{"line":176,"column":null}},"80":{"start":{"line":176,"column":36},"end":{"line":176,"column":null}},"81":{"start":{"line":177,"column":2},"end":{"line":177,"column":null}},"82":{"start":{"line":182,"column":20},"end":{"line":182,"column":null}},"83":{"start":{"line":183,"column":19},"end":{"line":183,"column":null}},"84":{"start":{"line":185,"column":2},"end":{"line":185,"column":null}},"85":{"start":{"line":185,"column":17},"end":{"line":185,"column":null}},"86":{"start":{"line":187,"column":2},"end":{"line":191,"column":null}},"87":{"start":{"line":188,"column":19},"end":{"line":188,"column":null}},"88":{"start":{"line":189,"column":4},"end":{"line":189,"column":null}},"89":{"start":{"line":189,"column":39},"end":{"line":189,"column":null}},"90":{"start":{"line":190,"column":4},"end":{"line":190,"column":null}},"91":{"start":{"line":195,"column":2},"end":{"line":195,"column":null}}},"fnMap":{"0":{"name":"(anonymous_0)","decl":{"start":{"line":9,"column":29},"end":{"line":9,"column":36}},"loc":{"start":{"line":9,"column":75},"end":{"line":32,"column":1}},"line":9},"1":{"name":"(anonymous_1)","decl":{"start":{"line":35,"column":26},"end":{"line":35,"column":33}},"loc":{"start":{"line":35,"column":72},"end":{"line":48,"column":1}},"line":35},"2":{"name":"(anonymous_2)","decl":{"start":{"line":51,"column":65},"end":{"line":51,"column":72}},"loc":{"start":{"line":51,"column":111},"end":{"line":59,"column":1}},"line":51},"3":{"name":"(anonymous_3)","decl":{"start":{"line":63,"column":57},"end":{"line":63,"column":64}},"loc":{"start":{"line":63,"column":103},"end":{"line":72,"column":1}},"line":63},"4":{"name":"(anonymous_4)","decl":{"start":{"line":75,"column":61},"end":{"line":75,"column":68}},"loc":{"start":{"line":75,"column":107},"end":{"line":99,"column":1}},"line":75},"5":{"name":"(anonymous_5)","decl":{"start":{"line":106,"column":74},"end":{"line":106,"column":81}},"loc":{"start":{"line":106,"column":120},"end":{"line":126,"column":1}},"line":106},"6":{"name":"(anonymous_6)","decl":{"start":{"line":129,"column":82},"end":{"line":129,"column":89}},"loc":{"start":{"line":129,"column":128},"end":{"line":147,"column":1}},"line":129},"7":{"name":"(anonymous_7)","decl":{"start":{"line":150,"column":134},"end":{"line":150,"column":141}},"loc":{"start":{"line":150,"column":180},"end":{"line":163,"column":1}},"line":150},"8":{"name":"checkSchemaBelongsToCompany","decl":{"start":{"line":170,"column":15},"end":{"line":170,"column":43}},"loc":{"start":{"line":170,"column":99},"end":{"line":178,"column":null}},"line":170},"9":{"name":"checkSchemaAssignationBelongsToCompany","decl":{"start":{"line":181,"column":15},"end":{"line":181,"column":54}},"loc":{"start":{"line":181,"column":110},"end":{"line":196,"column":null}},"line":181}},"branchMap":{"0":{"loc":{"start":{"line":15,"column":4},"end":{"line":17,"column":null}},"type":"if","locations":[{"start":{"line":15,"column":4},"end":{"line":17,"column":null}},{"start":{},"end":{}}],"line":15},"1":{"loc":{"start":{"line":15,"column":8},"end":{"line":15,"column":69}},"type":"binary-expr","locations":[{"start":{"line":15,"column":8},"end":{"line":15,"column":17}},{"start":{"line":15,"column":17},"end":{"line":15,"column":31}},{"start":{"line":15,"column":31},"end":{"line":15,"column":45}},{"start":{"line":15,"column":45},"end":{"line":15,"column":69}}],"line":15},"2":{"loc":{"start":{"line":19,"column":4},"end":{"line":19,"column":null}},"type":"if","locations":[{"start":{"line":19,"column":4},"end":{"line":19,"column":null}},{"start":{},"end":{}}],"line":19},"3":{"loc":{"start":{"line":38,"column":4},"end":{"line":38,"column":null}},"type":"if","locations":[{"start":{"line":38,"column":4},"end":{"line":38,"column":null}},{"start":{},"end":{}}],"line":38},"4":{"loc":{"start":{"line":39,"column":17},"end":{"line":39,"column":null}},"type":"binary-expr","locations":[{"start":{"line":39,"column":17},"end":{"line":39,"column":43}},{"start":{"line":39,"column":43},"end":{"line":39,"column":null}}],"line":39},"5":{"loc":{"start":{"line":40,"column":18},"end":{"line":40,"column":null}},"type":"binary-expr","locations":[{"start":{"line":40,"column":18},"end":{"line":40,"column":45}},{"start":{"line":40,"column":45},"end":{"line":40,"column":null}}],"line":40},"6":{"loc":{"start":{"line":55,"column":11},"end":{"line":55,"column":null}},"type":"cond-expr","locations":[{"start":{"line":55,"column":20},"end":{"line":55,"column":51}},{"start":{"line":55,"column":51},"end":{"line":55,"column":null}}],"line":55},"7":{"loc":{"start":{"line":85,"column":4},"end":{"line":90,"column":null}},"type":"if","locations":[{"start":{"line":85,"column":4},"end":{"line":90,"column":null}},{"start":{},"end":{}}],"line":85},"8":{"loc":{"start":{"line":85,"column":8},"end":{"line":85,"column":41}},"type":"binary-expr","locations":[{"start":{"line":85,"column":8},"end":{"line":85,"column":18}},{"start":{"line":85,"column":18},"end":{"line":85,"column":41}}],"line":85},"9":{"loc":{"start":{"line":111,"column":4},"end":{"line":113,"column":null}},"type":"if","locations":[{"start":{"line":111,"column":4},"end":{"line":113,"column":null}},{"start":{},"end":{}}],"line":111},"10":{"loc":{"start":{"line":111,"column":8},"end":{"line":111,"column":36}},"type":"binary-expr","locations":[{"start":{"line":111,"column":8},"end":{"line":111,"column":22}},{"start":{"line":111,"column":22},"end":{"line":111,"column":31}},{"start":{"line":111,"column":31},"end":{"line":111,"column":36}}],"line":111},"11":{"loc":{"start":{"line":134,"column":4},"end":{"line":136,"column":null}},"type":"if","locations":[{"start":{"line":134,"column":4},"end":{"line":136,"column":null}},{"start":{},"end":{}}],"line":134},"12":{"loc":{"start":{"line":134,"column":8},"end":{"line":134,"column":42}},"type":"binary-expr","locations":[{"start":{"line":134,"column":8},"end":{"line":134,"column":22}},{"start":{"line":134,"column":22},"end":{"line":134,"column":31}},{"start":{"line":134,"column":31},"end":{"line":134,"column":42}}],"line":134},"13":{"loc":{"start":{"line":154,"column":4},"end":{"line":157,"column":null}},"type":"if","locations":[{"start":{"line":154,"column":4},"end":{"line":157,"column":null}},{"start":{},"end":{}}],"line":154},"14":{"loc":{"start":{"line":175,"column":2},"end":{"line":175,"column":null}},"type":"if","locations":[{"start":{"line":175,"column":2},"end":{"line":175,"column":null}},{"start":{},"end":{}}],"line":175},"15":{"loc":{"start":{"line":176,"column":2},"end":{"line":176,"column":null}},"type":"if","locations":[{"start":{"line":176,"column":2},"end":{"line":176,"column":null}},{"start":{},"end":{}}],"line":176},"16":{"loc":{"start":{"line":185,"column":2},"end":{"line":185,"column":null}},"type":"if","locations":[{"start":{"line":185,"column":2},"end":{"line":185,"column":null}},{"start":{},"end":{}}],"line":185},"17":{"loc":{"start":{"line":187,"column":2},"end":{"line":191,"column":null}},"type":"if","locations":[{"start":{"line":187,"column":2},"end":{"line":191,"column":null}},{"start":{},"end":{}}],"line":187},"18":{"loc":{"start":{"line":189,"column":4},"end":{"line":189,"column":null}},"type":"if","locations":[{"start":{"line":189,"column":4},"end":{"line":189,"column":null}},{"start":{},"end":{}}],"line":189}},"s":{"0":1,"1":1,"2":0,"3":0,"4":0,"5":0,"6":0,"7":0,"8":0,"9":0,"10":0,"11":0,"12":0,"13":1,"14":0,"15":0,"16":0,"17":0,"18":0,"19":0,"20":0,"21":0,"22":0,"23":0,"24":1,"25":0,"26":0,"27":0,"28":0,"29":0,"30":1,"31":0,"32":0,"33":0,"34":0,"35":0,"36":0,"37":1,"38":0,"39":0,"40":0,"41":0,"42":0,"43":0,"44":0,"45":0,"46":0,"47":1,"48":0,"49":0,"50":0,"51":0,"52":0,"53":0,"54":0,"55":0,"56":0,"57":1,"58":0,"59":0,"60":0,"61":0,"62":0,"63":0,"64":0,"65":0,"66":1,"67":0,"68":0,"69":0,"70":0,"71":0,"72":0,"73":0,"74":0,"75":0,"76":0,"77":0,"78":0,"79":0,"80":0,"81":0,"82":0,"83":0,"84":0,"85":0,"86":0,"87":0,"88":0,"89":0,"90":0,"91":0},"f":{"0":0,"1":0,"2":0,"3":0,"4":0,"5":0,"6":0,"7":0,"8":0,"9":0},"b":{"0":[0,0],"1":[0,0,0,0],"2":[0,0],"3":[0,0],"4":[0,0],"5":[0,0],"6":[0,0],"7":[0,0],"8":[0,0],"9":[0,0],"10":[0,0,0],"11":[0,0],"12":[0,0,0],"13":[0,0],"14":[0,0],"15":[0,0],"16":[0,0],"17":[0,0],"18":[0,0]},"meta":{"lastBranch":19,"lastFunction":10,"lastStatement":92,"seen":{"s:6:6:6:Infinity":0,"s:9:0:32:Infinity":1,"f:9:29:9:36":0,"s:10:2:31:Infinity":2,"s:11:29:11:Infinity":3,"s:12:22:12:Infinity":4,"s:13:22:13:Infinity":5,"b:15:4:17:Infinity:undefined:undefined:undefined:undefined":0,"s:15:4:17:Infinity":6,"b:15:8:15:17:15:17:15:31:15:31:15:45:15:45:15:69":1,"s:16:6:16:Infinity":7,"b:19:4:19:Infinity:undefined:undefined:undefined:undefined":2,"s:19:4:19:Infinity":8,"s:19:25:19:Infinity":9,"s:21:19:26:Infinity":10,"s:28:4:28:Infinity":11,"s:30:4:30:Infinity":12,"s:35:0:48:Infinity":13,"f:35:26:35:33":1,"s:36:2:47:Infinity":14,"s:37:22:37:Infinity":15,"b:38:4:38:Infinity:undefined:undefined:undefined:undefined":3,"s:38:4:38:Infinity":16,"s:38:19:38:Infinity":17,"s:39:17:39:Infinity":18,"b:39:17:39:43:39:43:39:Infinity":4,"s:40:18:40:Infinity":19,"b:40:18:40:45:40:45:40:Infinity":5,"s:41:10:41:Infinity":20,"s:43:19:43:Infinity":21,"s:44:4:44:Infinity":22,"s:46:4:46:Infinity":23,"s:51:0:59:Infinity":24,"f:51:65:51:72":2,"s:52:2:58:Infinity":25,"s:53:15:53:Infinity":26,"s:54:19:54:Infinity":27,"s:55:4:55:Infinity":28,"b:55:20:55:51:55:51:55:Infinity":6,"s:57:4:57:Infinity":29,"s:63:0:72:Infinity":30,"f:63:57:63:64":3,"s:64:2:71:Infinity":31,"s:65:15:65:Infinity":32,"s:66:4:66:Infinity":33,"s:67:4:67:Infinity":34,"s:69:4:69:Infinity":35,"s:70:4:70:Infinity":36,"s:75:0:99:Infinity":37,"f:75:61:75:68":4,"s:80:2:98:Infinity":38,"s:81:15:81:Infinity":39,"s:82:29:82:Infinity":40,"b:85:4:90:Infinity:undefined:undefined:undefined:undefined":7,"s:85:4:90:Infinity":41,"b:85:8:85:18:85:18:85:41":8,"s:86:22:89:Infinity":42,"s:93:28:93:Infinity":43,"s:94:4:94:Infinity":44,"s:96:4:96:Infinity":45,"s:97:4:97:Infinity":46,"s:106:0:126:Infinity":47,"f:106:74:106:81":5,"s:107:2:125:Infinity":48,"s:108:25:108:Infinity":49,"s:109:22:109:Infinity":50,"b:111:4:113:Infinity:undefined:undefined:undefined:undefined":9,"s:111:4:113:Infinity":51,"b:111:8:111:22:111:22:111:31:111:31:111:36":10,"s:112:6:112:Infinity":52,"s:115:25:119:Infinity":53,"s:121:4:121:Infinity":54,"s:123:4:123:Infinity":55,"s:124:4:124:Infinity":56,"s:129:0:147:Infinity":57,"f:129:82:129:89":6,"s:130:2:146:Infinity":58,"s:131:31:131:Infinity":59,"s:132:22:132:Infinity":60,"b:134:4:136:Infinity:undefined:undefined:undefined:undefined":11,"s:134:4:136:Infinity":61,"b:134:8:134:22:134:22:134:31:134:31:134:42":12,"s:135:6:135:Infinity":62,"s:137:19:141:Infinity":63,"s:143:4:143:Infinity":64,"s:145:4:145:Infinity":65,"s:150:0:163:Infinity":66,"f:150:134:150:141":7,"s:151:2:162:Infinity":67,"s:152:19:152:Infinity":68,"b:154:4:157:Infinity:undefined:undefined:undefined:undefined":13,"s:154:4:157:Infinity":69,"s:155:22:155:Infinity":70,"s:156:6:156:Infinity":71,"s:159:4:159:Infinity":72,"s:161:4:161:Infinity":73,"f:170:15:170:43":8,"s:171:20:171:Infinity":74,"s:172:13:172:Infinity":75,"s:173:17:173:Infinity":76,"b:175:2:175:Infinity:undefined:undefined:undefined:undefined":14,"s:175:2:175:Infinity":77,"s:175:14:175:Infinity":78,"b:176:2:176:Infinity:undefined:undefined:undefined:undefined":15,"s:176:2:176:Infinity":79,"s:176:36:176:Infinity":80,"s:177:2:177:Infinity":81,"f:181:15:181:54":9,"s:182:20:182:Infinity":82,"s:183:19:183:Infinity":83,"b:185:2:185:Infinity:undefined:undefined:undefined:undefined":16,"s:185:2:185:Infinity":84,"s:185:17:185:Infinity":85,"b:187:2:191:Infinity:undefined:undefined:undefined:undefined":17,"s:187:2:191:Infinity":86,"s:188:19:188:Infinity":87,"b:189:4:189:Infinity:undefined:undefined:undefined:undefined":18,"s:189:4:189:Infinity":88,"s:189:39:189:Infinity":89,"s:190:4:190:Infinity":90,"s:195:2:195:Infinity":91}}}
,"/home/zerpa/garden-backend/tests/helpers/helpers.ts": {"path":"/home/zerpa/garden-backend/tests/helpers/helpers.ts","statementMap":{"0":{"start":{"line":5,"column":29},"end":{"line":7,"column":null}},"1":{"start":{"line":8,"column":26},"end":{"line":8,"column":null}},"2":{"start":{"line":10,"column":4},"end":{"line":10,"column":null}},"3":{"start":{"line":14,"column":29},"end":{"line":16,"column":null}},"4":{"start":{"line":17,"column":24},"end":{"line":17,"column":null}},"5":{"start":{"line":19,"column":4},"end":{"line":19,"column":null}},"6":{"start":{"line":23,"column":29},"end":{"line":25,"column":null}},"7":{"start":{"line":26,"column":26},"end":{"line":26,"column":null}},"8":{"start":{"line":28,"column":4},"end":{"line":28,"column":null}}},"fnMap":{"0":{"name":"createManager","decl":{"start":{"line":4,"column":22},"end":{"line":4,"column":36}},"loc":{"start":{"line":4,"column":84},"end":{"line":11,"column":null}},"line":4},"1":{"name":"createAgent","decl":{"start":{"line":13,"column":22},"end":{"line":13,"column":34}},"loc":{"start":{"line":13,"column":82},"end":{"line":20,"column":null}},"line":13},"2":{"name":"createManagerWithParams","decl":{"start":{"line":22,"column":22},"end":{"line":22,"column":46}},"loc":{"start":{"line":22,"column":141},"end":{"line":29,"column":null}},"line":22}},"branchMap":{},"s":{"0":4,"1":4,"2":4,"3":0,"4":0,"5":0,"6":0,"7":0,"8":0},"f":{"0":4,"1":0,"2":0},"b":{},"meta":{"lastBranch":0,"lastFunction":3,"lastStatement":9,"seen":{"f:4:22:4:36":0,"s:5:29:7:Infinity":0,"s:8:26:8:Infinity":1,"s:10:4:10:Infinity":2,"f:13:22:13:34":1,"s:14:29:16:Infinity":3,"s:17:24:17:Infinity":4,"s:19:4:19:Infinity":5,"f:22:22:22:46":2,"s:23:29:25:Infinity":6,"s:26:26:26:Infinity":7,"s:28:4:28:Infinity":8}}}
,"/home/zerpa/garden-backend/utils/authJWT.ts": {"path":"/home/zerpa/garden-backend/utils/authJWT.ts","statementMap":{"0":{"start":{"line":6,"column":21},"end":{"line":9,"column":null}},"1":{"start":{"line":11,"column":4},"end":{"line":11,"column":null}}},"fnMap":{"0":{"name":"getJWT","decl":{"start":{"line":5,"column":22},"end":{"line":5,"column":29}},"loc":{"start":{"line":5,"column":78},"end":{"line":12,"column":null}},"line":5}},"branchMap":{},"s":{"0":24,"1":24},"f":{"0":24},"b":{},"meta":{"lastBranch":0,"lastFunction":1,"lastStatement":2,"seen":{"f:5:22:5:29":0,"s:6:21:9:Infinity":0,"s:11:4:11:Infinity":1}}}
}
